{"C:\\Users\\Daniel\\WebstormProjects\\exam_371\\src\\client\\collection.jsx": {"path":"C:\\Users\\Daniel\\WebstormProjects\\exam_371\\src\\client\\collection.jsx","statementMap":{"0":{"start":{"line":8,"column":8},"end":{"line":8,"column":21}},"1":{"start":{"line":10,"column":8},"end":{"line":13,"column":10}},"2":{"start":{"line":19,"column":8},"end":{"line":19,"column":31}},"3":{"start":{"line":24,"column":20},"end":{"line":24,"column":37}},"4":{"start":{"line":29,"column":8},"end":{"line":39,"column":9}},"5":{"start":{"line":30,"column":12},"end":{"line":30,"column":40}},"6":{"start":{"line":31,"column":12},"end":{"line":31,"column":44}},"7":{"start":{"line":34,"column":12},"end":{"line":37,"column":15}},"8":{"start":{"line":38,"column":12},"end":{"line":38,"column":19}},"9":{"start":{"line":41,"column":8},"end":{"line":51,"column":9}},"10":{"start":{"line":42,"column":12},"end":{"line":45,"column":15}},"11":{"start":{"line":47,"column":12},"end":{"line":50,"column":15}},"12":{"start":{"line":60,"column":8},"end":{"line":83,"column":9}},"13":{"start":{"line":61,"column":12},"end":{"line":61,"column":45}},"14":{"start":{"line":62,"column":15},"end":{"line":83,"column":9}},"15":{"start":{"line":63,"column":12},"end":{"line":63,"column":76}},"16":{"start":{"line":65,"column":12},"end":{"line":82,"column":18}},"17":{"start":{"line":75,"column":24},"end":{"line":78,"column":29}},"18":{"start":{"line":85,"column":8},"end":{"line":95,"column":10}}},"fnMap":{"0":{"name":"(anonymous_0)","decl":{"start":{"line":7,"column":4},"end":{"line":7,"column":5}},"loc":{"start":{"line":7,"column":23},"end":{"line":14,"column":5}},"line":7},"1":{"name":"(anonymous_1)","decl":{"start":{"line":18,"column":4},"end":{"line":18,"column":5}},"loc":{"start":{"line":18,"column":24},"end":{"line":20,"column":5}},"line":18},"2":{"name":"(anonymous_2)","decl":{"start":{"line":22,"column":4},"end":{"line":22,"column":5}},"loc":{"start":{"line":22,"column":28},"end":{"line":52,"column":5}},"line":22},"3":{"name":"(anonymous_3)","decl":{"start":{"line":56,"column":4},"end":{"line":56,"column":5}},"loc":{"start":{"line":56,"column":13},"end":{"line":96,"column":5}},"line":56},"4":{"name":"(anonymous_4)","decl":{"start":{"line":74,"column":47},"end":{"line":74,"column":48}},"loc":{"start":{"line":75,"column":24},"end":{"line":78,"column":29}},"line":75}},"branchMap":{"0":{"loc":{"start":{"line":41,"column":8},"end":{"line":51,"column":9}},"type":"if","locations":[{"start":{"line":41,"column":8},"end":{"line":51,"column":9}},{"start":{"line":41,"column":8},"end":{"line":51,"column":9}}],"line":41},"1":{"loc":{"start":{"line":60,"column":8},"end":{"line":83,"column":9}},"type":"if","locations":[{"start":{"line":60,"column":8},"end":{"line":83,"column":9}},{"start":{"line":60,"column":8},"end":{"line":83,"column":9}}],"line":60},"2":{"loc":{"start":{"line":62,"column":15},"end":{"line":83,"column":9}},"type":"if","locations":[{"start":{"line":62,"column":15},"end":{"line":83,"column":9}},{"start":{"line":62,"column":15},"end":{"line":83,"column":9}}],"line":62},"3":{"loc":{"start":{"line":62,"column":19},"end":{"line":62,"column":87}},"type":"binary-expr","locations":[{"start":{"line":62,"column":19},"end":{"line":62,"column":49}},{"start":{"line":62,"column":53},"end":{"line":62,"column":87}}],"line":62}},"s":{"0":0,"1":0,"2":0,"3":0,"4":0,"5":0,"6":0,"7":0,"8":0,"9":0,"10":0,"11":0,"12":0,"13":0,"14":0,"15":0,"16":0,"17":0,"18":0},"f":{"0":0,"1":0,"2":0,"3":0,"4":0},"b":{"0":[0,0],"1":[0,0],"2":[0,0],"3":[0,0]},"hash":"ecd4878145bce225d3ff9acf953449caf117ebd6"}
,"C:\\Users\\Daniel\\WebstormProjects\\exam_371\\src\\client\\headerbar.jsx": {"path":"C:\\Users\\Daniel\\WebstormProjects\\exam_371\\src\\client\\headerbar.jsx","statementMap":{"0":{"start":{"line":13,"column":4},"end":{"line":13,"column":17}},"1":{"start":{"line":16,"column":13},"end":{"line":35,"column":3}},"2":{"start":{"line":17,"column":16},"end":{"line":17,"column":29}},"3":{"start":{"line":21,"column":4},"end":{"line":26,"column":5}},"4":{"start":{"line":22,"column":6},"end":{"line":22,"column":54}},"5":{"start":{"line":24,"column":6},"end":{"line":24,"column":51}},"6":{"start":{"line":25,"column":6},"end":{"line":25,"column":13}},"7":{"start":{"line":28,"column":4},"end":{"line":31,"column":5}},"8":{"start":{"line":29,"column":6},"end":{"line":29,"column":79}},"9":{"start":{"line":30,"column":6},"end":{"line":30,"column":13}},"10":{"start":{"line":33,"column":4},"end":{"line":33,"column":40}},"11":{"start":{"line":34,"column":4},"end":{"line":34,"column":33}},"12":{"start":{"line":38,"column":4},"end":{"line":48,"column":6}},"13":{"start":{"line":52,"column":4},"end":{"line":64,"column":6}},"14":{"start":{"line":68,"column":19},"end":{"line":68,"column":36}},"15":{"start":{"line":71,"column":4},"end":{"line":75,"column":5}},"16":{"start":{"line":72,"column":6},"end":{"line":72,"column":41}},"17":{"start":{"line":74,"column":6},"end":{"line":74,"column":44}},"18":{"start":{"line":77,"column":4},"end":{"line":84,"column":6}}},"fnMap":{"0":{"name":"(anonymous_0)","decl":{"start":{"line":12,"column":2},"end":{"line":12,"column":3}},"loc":{"start":{"line":12,"column":21},"end":{"line":14,"column":3}},"line":12},"1":{"name":"(anonymous_1)","decl":{"start":{"line":16,"column":13},"end":{"line":16,"column":14}},"loc":{"start":{"line":16,"column":25},"end":{"line":35,"column":3}},"line":16},"2":{"name":"(anonymous_2)","decl":{"start":{"line":37,"column":2},"end":{"line":37,"column":3}},"loc":{"start":{"line":37,"column":25},"end":{"line":49,"column":3}},"line":37},"3":{"name":"(anonymous_3)","decl":{"start":{"line":51,"column":2},"end":{"line":51,"column":3}},"loc":{"start":{"line":51,"column":22},"end":{"line":65,"column":3}},"line":51},"4":{"name":"(anonymous_4)","decl":{"start":{"line":67,"column":2},"end":{"line":67,"column":3}},"loc":{"start":{"line":67,"column":11},"end":{"line":85,"column":3}},"line":67}},"branchMap":{"0":{"loc":{"start":{"line":28,"column":4},"end":{"line":31,"column":5}},"type":"if","locations":[{"start":{"line":28,"column":4},"end":{"line":31,"column":5}},{"start":{"line":28,"column":4},"end":{"line":31,"column":5}}],"line":28},"1":{"loc":{"start":{"line":71,"column":4},"end":{"line":75,"column":5}},"type":"if","locations":[{"start":{"line":71,"column":4},"end":{"line":75,"column":5}},{"start":{"line":71,"column":4},"end":{"line":75,"column":5}}],"line":71}},"s":{"0":3,"1":3,"2":1,"3":1,"4":1,"5":0,"6":0,"7":1,"8":0,"9":0,"10":1,"11":1,"12":2,"13":1,"14":3,"15":3,"16":1,"17":2,"18":3},"f":{"0":3,"1":1,"2":2,"3":1,"4":3},"b":{"0":[0,1],"1":[1,2]},"_coverageSchema":"43e27e138ebf9cfc5966b082cf9a028302ed4184","hash":"6769f06e13ebdcb2c87ca6c237939d78e21aaf1b"}
,"C:\\Users\\Daniel\\WebstormProjects\\exam_371\\src\\client\\home.jsx": {"path":"C:\\Users\\Daniel\\WebstormProjects\\exam_371\\src\\client\\home.jsx","statementMap":{"0":{"start":{"line":6,"column":8},"end":{"line":6,"column":21}},"1":{"start":{"line":10,"column":8},"end":{"line":12,"column":9}},"2":{"start":{"line":11,"column":12},"end":{"line":11,"column":47}},"3":{"start":{"line":16,"column":21},"end":{"line":16,"column":36}},"4":{"start":{"line":17,"column":25},"end":{"line":17,"column":60}},"5":{"start":{"line":19,"column":8},"end":{"line":46,"column":9}}},"fnMap":{"0":{"name":"(anonymous_0)","decl":{"start":{"line":5,"column":4},"end":{"line":5,"column":5}},"loc":{"start":{"line":5,"column":23},"end":{"line":7,"column":5}},"line":5},"1":{"name":"(anonymous_1)","decl":{"start":{"line":9,"column":4},"end":{"line":9,"column":5}},"loc":{"start":{"line":9,"column":23},"end":{"line":13,"column":5}},"line":9},"2":{"name":"(anonymous_2)","decl":{"start":{"line":15,"column":4},"end":{"line":15,"column":5}},"loc":{"start":{"line":15,"column":13},"end":{"line":47,"column":5}},"line":15}},"branchMap":{"0":{"loc":{"start":{"line":10,"column":8},"end":{"line":12,"column":9}},"type":"if","locations":[{"start":{"line":10,"column":8},"end":{"line":12,"column":9}},{"start":{"line":10,"column":8},"end":{"line":12,"column":9}}],"line":10},"1":{"loc":{"start":{"line":17,"column":25},"end":{"line":17,"column":60}},"type":"binary-expr","locations":[{"start":{"line":17,"column":25},"end":{"line":17,"column":38}},{"start":{"line":17,"column":42},"end":{"line":17,"column":60}}],"line":17},"2":{"loc":{"start":{"line":31,"column":21},"end":{"line":43,"column":21}},"type":"cond-expr","locations":[{"start":{"line":32,"column":24},"end":{"line":39,"column":30}},{"start":{"line":42,"column":24},"end":{"line":42,"column":67}}],"line":31}},"s":{"0":2,"1":2,"2":1,"3":2,"4":2,"5":2},"f":{"0":2,"1":2,"2":2},"b":{"0":[1,1],"1":[2,2],"2":[1,1]},"_coverageSchema":"43e27e138ebf9cfc5966b082cf9a028302ed4184","hash":"a59a152538fbae11323ef4eef0d7a7a4008f4822"}
,"C:\\Users\\Daniel\\WebstormProjects\\exam_371\\src\\client\\index.jsx": {"path":"C:\\Users\\Daniel\\WebstormProjects\\exam_371\\src\\client\\index.jsx","statementMap":{"0":{"start":{"line":18,"column":8},"end":{"line":18,"column":21}},"1":{"start":{"line":22,"column":8},"end":{"line":24,"column":10}},"2":{"start":{"line":29,"column":8},"end":{"line":29,"column":38}},"3":{"start":{"line":33,"column":29},"end":{"line":60,"column":5}},"4":{"start":{"line":35,"column":20},"end":{"line":35,"column":31}},"5":{"start":{"line":39,"column":8},"end":{"line":46,"column":9}},"6":{"start":{"line":40,"column":12},"end":{"line":42,"column":15}},"7":{"start":{"line":44,"column":12},"end":{"line":44,"column":77}},"8":{"start":{"line":45,"column":12},"end":{"line":45,"column":19}},"9":{"start":{"line":48,"column":8},"end":{"line":52,"column":9}},"10":{"start":{"line":50,"column":12},"end":{"line":50,"column":42}},"11":{"start":{"line":51,"column":12},"end":{"line":51,"column":19}},"12":{"start":{"line":54,"column":8},"end":{"line":59,"column":9}},"13":{"start":{"line":57,"column":28},"end":{"line":57,"column":49}},"14":{"start":{"line":58,"column":12},"end":{"line":58,"column":45}},"15":{"start":{"line":62,"column":25},"end":{"line":64,"column":5}},"16":{"start":{"line":63,"column":8},"end":{"line":63,"column":36}},"17":{"start":{"line":68,"column":8},"end":{"line":75,"column":10}},"18":{"start":{"line":82,"column":19},"end":{"line":82,"column":62}},"19":{"start":{"line":84,"column":8},"end":{"line":120,"column":10}},"20":{"start":{"line":91,"column":48},"end":{"line":95,"column":33}},"21":{"start":{"line":97,"column":48},"end":{"line":101,"column":33}},"22":{"start":{"line":103,"column":48},"end":{"line":104,"column":109}},"23":{"start":{"line":106,"column":48},"end":{"line":107,"column":110}},"24":{"start":{"line":109,"column":48},"end":{"line":111,"column":108}},"25":{"start":{"line":113,"column":48},"end":{"line":115,"column":108}},"26":{"start":{"line":124,"column":0},"end":{"line":124,"column":57}}},"fnMap":{"0":{"name":"(anonymous_0)","decl":{"start":{"line":17,"column":4},"end":{"line":17,"column":5}},"loc":{"start":{"line":17,"column":23},"end":{"line":25,"column":5}},"line":17},"1":{"name":"(anonymous_1)","decl":{"start":{"line":28,"column":4},"end":{"line":28,"column":5}},"loc":{"start":{"line":28,"column":24},"end":{"line":30,"column":5}},"line":28},"2":{"name":"(anonymous_2)","decl":{"start":{"line":33,"column":29},"end":{"line":33,"column":30}},"loc":{"start":{"line":33,"column":41},"end":{"line":60,"column":5}},"line":33},"3":{"name":"(anonymous_3)","decl":{"start":{"line":62,"column":25},"end":{"line":62,"column":26}},"loc":{"start":{"line":62,"column":35},"end":{"line":64,"column":5}},"line":62},"4":{"name":"(anonymous_4)","decl":{"start":{"line":67,"column":4},"end":{"line":67,"column":5}},"loc":{"start":{"line":67,"column":15},"end":{"line":76,"column":5}},"line":67},"5":{"name":"(anonymous_5)","decl":{"start":{"line":79,"column":4},"end":{"line":79,"column":5}},"loc":{"start":{"line":79,"column":13},"end":{"line":121,"column":5}},"line":79},"6":{"name":"(anonymous_6)","decl":{"start":{"line":91,"column":39},"end":{"line":91,"column":40}},"loc":{"start":{"line":91,"column":48},"end":{"line":95,"column":33}},"line":91},"7":{"name":"(anonymous_7)","decl":{"start":{"line":97,"column":39},"end":{"line":97,"column":40}},"loc":{"start":{"line":97,"column":48},"end":{"line":101,"column":33}},"line":97},"8":{"name":"(anonymous_8)","decl":{"start":{"line":103,"column":39},"end":{"line":103,"column":40}},"loc":{"start":{"line":103,"column":48},"end":{"line":104,"column":109}},"line":103},"9":{"name":"(anonymous_9)","decl":{"start":{"line":106,"column":39},"end":{"line":106,"column":40}},"loc":{"start":{"line":106,"column":48},"end":{"line":107,"column":110}},"line":106},"10":{"name":"(anonymous_10)","decl":{"start":{"line":109,"column":39},"end":{"line":109,"column":40}},"loc":{"start":{"line":109,"column":48},"end":{"line":111,"column":108}},"line":109},"11":{"name":"(anonymous_11)","decl":{"start":{"line":113,"column":39},"end":{"line":113,"column":40}},"loc":{"start":{"line":113,"column":48},"end":{"line":115,"column":108}},"line":113}},"branchMap":{"0":{"loc":{"start":{"line":48,"column":8},"end":{"line":52,"column":9}},"type":"if","locations":[{"start":{"line":48,"column":8},"end":{"line":52,"column":9}},{"start":{"line":48,"column":8},"end":{"line":52,"column":9}}],"line":48},"1":{"loc":{"start":{"line":54,"column":8},"end":{"line":59,"column":9}},"type":"if","locations":[{"start":{"line":54,"column":8},"end":{"line":59,"column":9}},{"start":{"line":54,"column":8},"end":{"line":59,"column":9}}],"line":54},"2":{"loc":{"start":{"line":82,"column":19},"end":{"line":82,"column":62}},"type":"cond-expr","locations":[{"start":{"line":82,"column":37},"end":{"line":82,"column":55}},{"start":{"line":82,"column":58},"end":{"line":82,"column":62}}],"line":82}},"s":{"0":0,"1":0,"2":0,"3":0,"4":0,"5":0,"6":0,"7":0,"8":0,"9":0,"10":0,"11":0,"12":0,"13":0,"14":0,"15":0,"16":0,"17":0,"18":0,"19":0,"20":0,"21":0,"22":0,"23":0,"24":0,"25":0,"26":0},"f":{"0":0,"1":0,"2":0,"3":0,"4":0,"5":0,"6":0,"7":0,"8":0,"9":0,"10":0,"11":0},"b":{"0":[0,0],"1":[0,0],"2":[0,0]},"hash":"9b2071bc3461aac494fe4cb78d6cfeee4777a0f7"}
,"C:\\Users\\Daniel\\WebstormProjects\\exam_371\\src\\client\\login.jsx": {"path":"C:\\Users\\Daniel\\WebstormProjects\\exam_371\\src\\client\\login.jsx","statementMap":{"0":{"start":{"line":8,"column":4},"end":{"line":8,"column":17}},"1":{"start":{"line":10,"column":4},"end":{"line":14,"column":6}},"2":{"start":{"line":17,"column":19},"end":{"line":19,"column":3}},"3":{"start":{"line":18,"column":4},"end":{"line":18,"column":50}},"4":{"start":{"line":21,"column":21},"end":{"line":23,"column":3}},"5":{"start":{"line":22,"column":4},"end":{"line":22,"column":52}},"6":{"start":{"line":25,"column":12},"end":{"line":63,"column":3}},"7":{"start":{"line":26,"column":33},"end":{"line":26,"column":43}},"8":{"start":{"line":28,"column":16},"end":{"line":28,"column":28}},"9":{"start":{"line":30,"column":20},"end":{"line":30,"column":58}},"10":{"start":{"line":34,"column":4},"end":{"line":45,"column":5}},"11":{"start":{"line":35,"column":6},"end":{"line":41,"column":9}},"12":{"start":{"line":43,"column":6},"end":{"line":43,"column":73}},"13":{"start":{"line":44,"column":6},"end":{"line":44,"column":13}},"14":{"start":{"line":47,"column":4},"end":{"line":50,"column":5}},"15":{"start":{"line":48,"column":6},"end":{"line":48,"column":61}},"16":{"start":{"line":49,"column":6},"end":{"line":49,"column":13}},"17":{"start":{"line":52,"column":4},"end":{"line":58,"column":5}},"18":{"start":{"line":53,"column":6},"end":{"line":56,"column":9}},"19":{"start":{"line":57,"column":6},"end":{"line":57,"column":13}},"20":{"start":{"line":60,"column":4},"end":{"line":60,"column":38}},"21":{"start":{"line":61,"column":4},"end":{"line":61,"column":46}},"22":{"start":{"line":62,"column":4},"end":{"line":62,"column":33}},"23":{"start":{"line":66,"column":16},"end":{"line":66,"column":27}},"24":{"start":{"line":67,"column":4},"end":{"line":73,"column":5}},"25":{"start":{"line":68,"column":6},"end":{"line":72,"column":8}},"26":{"start":{"line":75,"column":4},"end":{"line":105,"column":6}}},"fnMap":{"0":{"name":"(anonymous_0)","decl":{"start":{"line":7,"column":2},"end":{"line":7,"column":3}},"loc":{"start":{"line":7,"column":21},"end":{"line":15,"column":3}},"line":7},"1":{"name":"(anonymous_1)","decl":{"start":{"line":17,"column":19},"end":{"line":17,"column":20}},"loc":{"start":{"line":17,"column":30},"end":{"line":19,"column":3}},"line":17},"2":{"name":"(anonymous_2)","decl":{"start":{"line":21,"column":21},"end":{"line":21,"column":22}},"loc":{"start":{"line":21,"column":32},"end":{"line":23,"column":3}},"line":21},"3":{"name":"(anonymous_3)","decl":{"start":{"line":25,"column":12},"end":{"line":25,"column":13}},"loc":{"start":{"line":25,"column":24},"end":{"line":63,"column":3}},"line":25},"4":{"name":"(anonymous_4)","decl":{"start":{"line":65,"column":2},"end":{"line":65,"column":3}},"loc":{"start":{"line":65,"column":11},"end":{"line":106,"column":3}},"line":65}},"branchMap":{"0":{"loc":{"start":{"line":47,"column":4},"end":{"line":50,"column":5}},"type":"if","locations":[{"start":{"line":47,"column":4},"end":{"line":50,"column":5}},{"start":{"line":47,"column":4},"end":{"line":50,"column":5}}],"line":47},"1":{"loc":{"start":{"line":52,"column":4},"end":{"line":58,"column":5}},"type":"if","locations":[{"start":{"line":52,"column":4},"end":{"line":58,"column":5}},{"start":{"line":52,"column":4},"end":{"line":58,"column":5}}],"line":52},"2":{"loc":{"start":{"line":67,"column":4},"end":{"line":73,"column":5}},"type":"if","locations":[{"start":{"line":67,"column":4},"end":{"line":73,"column":5}},{"start":{"line":67,"column":4},"end":{"line":73,"column":5}}],"line":67}},"s":{"0":2,"1":2,"2":2,"3":2,"4":2,"5":2,"6":2,"7":2,"8":2,"9":2,"10":2,"11":2,"12":0,"13":0,"14":2,"15":1,"16":1,"17":1,"18":0,"19":0,"20":1,"21":1,"22":1,"23":8,"24":8,"25":1,"26":8},"f":{"0":2,"1":2,"2":2,"3":2,"4":8},"b":{"0":[1,1],"1":[0,1],"2":[1,7]},"_coverageSchema":"43e27e138ebf9cfc5966b082cf9a028302ed4184","hash":"1841e81c8e8e0321c119da9d8030730df0fd8f66"}
,"C:\\Users\\Daniel\\WebstormProjects\\exam_371\\src\\client\\lootboxGame.jsx": {"path":"C:\\Users\\Daniel\\WebstormProjects\\exam_371\\src\\client\\lootboxGame.jsx","statementMap":{"0":{"start":{"line":6,"column":8},"end":{"line":6,"column":21}},"1":{"start":{"line":8,"column":8},"end":{"line":11,"column":9}},"2":{"start":{"line":18,"column":24},"end":{"line":30,"column":5}},"3":{"start":{"line":19,"column":24},"end":{"line":19,"column":54}},"4":{"start":{"line":21,"column":8},"end":{"line":29,"column":9}},"5":{"start":{"line":32,"column":23},"end":{"line":52,"column":5}},"6":{"start":{"line":33,"column":8},"end":{"line":35,"column":9}},"7":{"start":{"line":34,"column":12},"end":{"line":34,"column":65}},"8":{"start":{"line":37,"column":20},"end":{"line":37,"column":34}},"9":{"start":{"line":41,"column":8},"end":{"line":46,"column":9}},"10":{"start":{"line":42,"column":12},"end":{"line":42,"column":58}},"11":{"start":{"line":43,"column":12},"end":{"line":43,"column":45}},"12":{"start":{"line":45,"column":12},"end":{"line":45,"column":24}},"13":{"start":{"line":48,"column":8},"end":{"line":50,"column":9}},"14":{"start":{"line":49,"column":12},"end":{"line":49,"column":23}},"15":{"start":{"line":51,"column":8},"end":{"line":51,"column":22}},"16":{"start":{"line":58,"column":8},"end":{"line":60,"column":9}},"17":{"start":{"line":59,"column":12},"end":{"line":59,"column":47}},"18":{"start":{"line":62,"column":8},"end":{"line":71,"column":9}},"19":{"start":{"line":63,"column":12},"end":{"line":70,"column":18}},"20":{"start":{"line":73,"column":24},"end":{"line":73,"column":42}},"21":{"start":{"line":76,"column":3},"end":{"line":94,"column":9}}},"fnMap":{"0":{"name":"(anonymous_0)","decl":{"start":{"line":5,"column":4},"end":{"line":5,"column":5}},"loc":{"start":{"line":5,"column":23},"end":{"line":12,"column":5}},"line":5},"1":{"name":"(anonymous_1)","decl":{"start":{"line":18,"column":24},"end":{"line":18,"column":25}},"loc":{"start":{"line":18,"column":37},"end":{"line":30,"column":5}},"line":18},"2":{"name":"(anonymous_2)","decl":{"start":{"line":32,"column":23},"end":{"line":32,"column":24}},"loc":{"start":{"line":32,"column":48},"end":{"line":52,"column":5}},"line":32},"3":{"name":"(anonymous_3)","decl":{"start":{"line":57,"column":4},"end":{"line":57,"column":5}},"loc":{"start":{"line":57,"column":13},"end":{"line":95,"column":5}},"line":57}},"branchMap":{"0":{"loc":{"start":{"line":22,"column":12},"end":{"line":28,"column":17}},"type":"cond-expr","locations":[{"start":{"line":23,"column":14},"end":{"line":23,"column":56}},{"start":{"line":24,"column":14},"end":{"line":28,"column":17}}],"line":22},"1":{"loc":{"start":{"line":33,"column":8},"end":{"line":35,"column":9}},"type":"if","locations":[{"start":{"line":33,"column":8},"end":{"line":35,"column":9}},{"start":{"line":33,"column":8},"end":{"line":35,"column":9}}],"line":33},"2":{"loc":{"start":{"line":48,"column":8},"end":{"line":50,"column":9}},"type":"if","locations":[{"start":{"line":48,"column":8},"end":{"line":50,"column":9}},{"start":{"line":48,"column":8},"end":{"line":50,"column":9}}],"line":48},"3":{"loc":{"start":{"line":58,"column":8},"end":{"line":60,"column":9}},"type":"if","locations":[{"start":{"line":58,"column":8},"end":{"line":60,"column":9}},{"start":{"line":58,"column":8},"end":{"line":60,"column":9}}],"line":58},"4":{"loc":{"start":{"line":62,"column":8},"end":{"line":71,"column":9}},"type":"if","locations":[{"start":{"line":62,"column":8},"end":{"line":71,"column":9}},{"start":{"line":62,"column":8},"end":{"line":71,"column":9}}],"line":62}},"s":{"0":0,"1":0,"2":0,"3":0,"4":0,"5":0,"6":0,"7":0,"8":0,"9":0,"10":0,"11":0,"12":0,"13":0,"14":0,"15":0,"16":0,"17":0,"18":0,"19":0,"20":0,"21":0},"f":{"0":0,"1":0,"2":0,"3":0},"b":{"0":[0,0],"1":[0,0],"2":[0,0],"3":[0,0],"4":[0,0]},"hash":"33ade7b7e8843befd3aa8653f3b18629aa30ee82"}
,"C:\\Users\\Daniel\\WebstormProjects\\exam_371\\src\\client\\pokemonList.jsx": {"path":"C:\\Users\\Daniel\\WebstormProjects\\exam_371\\src\\client\\pokemonList.jsx","statementMap":{"0":{"start":{"line":6,"column":8},"end":{"line":6,"column":21}},"1":{"start":{"line":8,"column":8},"end":{"line":12,"column":9}},"2":{"start":{"line":16,"column":8},"end":{"line":16,"column":27}},"3":{"start":{"line":19,"column":18},"end":{"line":29,"column":5}},"4":{"start":{"line":20,"column":24},"end":{"line":20,"column":47}},"5":{"start":{"line":22,"column":8},"end":{"line":28,"column":9}},"6":{"start":{"line":31,"column":17},"end":{"line":48,"column":5}},"7":{"start":{"line":33,"column":20},"end":{"line":33,"column":34}},"8":{"start":{"line":37,"column":8},"end":{"line":42,"column":9}},"9":{"start":{"line":38,"column":12},"end":{"line":38,"column":58}},"10":{"start":{"line":39,"column":12},"end":{"line":39,"column":44}},"11":{"start":{"line":41,"column":12},"end":{"line":41,"column":23}},"12":{"start":{"line":44,"column":8},"end":{"line":46,"column":9}},"13":{"start":{"line":45,"column":12},"end":{"line":45,"column":23}},"14":{"start":{"line":47,"column":8},"end":{"line":47,"column":22}},"15":{"start":{"line":52,"column":8},"end":{"line":54,"column":9}},"16":{"start":{"line":53,"column":12},"end":{"line":53,"column":47}},"17":{"start":{"line":56,"column":8},"end":{"line":58,"column":9}},"18":{"start":{"line":57,"column":12},"end":{"line":57,"column":37}},"19":{"start":{"line":60,"column":24},"end":{"line":60,"column":42}},"20":{"start":{"line":62,"column":8},"end":{"line":114,"column":5}}},"fnMap":{"0":{"name":"(anonymous_0)","decl":{"start":{"line":5,"column":4},"end":{"line":5,"column":5}},"loc":{"start":{"line":5,"column":23},"end":{"line":13,"column":5}},"line":5},"1":{"name":"(anonymous_1)","decl":{"start":{"line":15,"column":4},"end":{"line":15,"column":5}},"loc":{"start":{"line":15,"column":24},"end":{"line":17,"column":5}},"line":15},"2":{"name":"(anonymous_2)","decl":{"start":{"line":19,"column":18},"end":{"line":19,"column":19}},"loc":{"start":{"line":19,"column":30},"end":{"line":29,"column":5}},"line":19},"3":{"name":"(anonymous_3)","decl":{"start":{"line":31,"column":17},"end":{"line":31,"column":18}},"loc":{"start":{"line":31,"column":29},"end":{"line":48,"column":5}},"line":31},"4":{"name":"(anonymous_4)","decl":{"start":{"line":51,"column":4},"end":{"line":51,"column":5}},"loc":{"start":{"line":51,"column":13},"end":{"line":115,"column":5}},"line":51}},"branchMap":{"0":{"loc":{"start":{"line":23,"column":12},"end":{"line":27,"column":17}},"type":"cond-expr","locations":[{"start":{"line":23,"column":23},"end":{"line":23,"column":65}},{"start":{"line":24,"column":14},"end":{"line":27,"column":17}}],"line":23},"1":{"loc":{"start":{"line":44,"column":8},"end":{"line":46,"column":9}},"type":"if","locations":[{"start":{"line":44,"column":8},"end":{"line":46,"column":9}},{"start":{"line":44,"column":8},"end":{"line":46,"column":9}}],"line":44},"2":{"loc":{"start":{"line":52,"column":8},"end":{"line":54,"column":9}},"type":"if","locations":[{"start":{"line":52,"column":8},"end":{"line":54,"column":9}},{"start":{"line":52,"column":8},"end":{"line":54,"column":9}}],"line":52},"3":{"loc":{"start":{"line":56,"column":8},"end":{"line":58,"column":9}},"type":"if","locations":[{"start":{"line":56,"column":8},"end":{"line":58,"column":9}},{"start":{"line":56,"column":8},"end":{"line":58,"column":9}}],"line":56}},"s":{"0":1,"1":1,"2":1,"3":1,"4":1,"5":1,"6":1,"7":1,"8":1,"9":1,"10":1,"11":0,"12":1,"13":0,"14":1,"15":2,"16":0,"17":2,"18":1,"19":1,"20":1},"f":{"0":1,"1":1,"2":1,"3":1,"4":2},"b":{"0":[0,1],"1":[0,1],"2":[0,2],"3":[1,1]},"_coverageSchema":"43e27e138ebf9cfc5966b082cf9a028302ed4184","hash":"16b6a146ee441ff8a1c06c194146470e51c429c8"}
,"C:\\Users\\Daniel\\WebstormProjects\\exam_371\\src\\client\\signup.jsx": {"path":"C:\\Users\\Daniel\\WebstormProjects\\exam_371\\src\\client\\signup.jsx","statementMap":{"0":{"start":{"line":8,"column":4},"end":{"line":8,"column":17}},"1":{"start":{"line":10,"column":4},"end":{"line":15,"column":6}},"2":{"start":{"line":18,"column":19},"end":{"line":20,"column":3}},"3":{"start":{"line":19,"column":4},"end":{"line":19,"column":66}},"4":{"start":{"line":22,"column":21},"end":{"line":24,"column":3}},"5":{"start":{"line":23,"column":4},"end":{"line":23,"column":68}},"6":{"start":{"line":26,"column":20},"end":{"line":28,"column":3}},"7":{"start":{"line":27,"column":4},"end":{"line":27,"column":67}},"8":{"start":{"line":30,"column":13},"end":{"line":73,"column":3}},"9":{"start":{"line":31,"column":42},"end":{"line":31,"column":52}},"10":{"start":{"line":33,"column":4},"end":{"line":36,"column":5}},"11":{"start":{"line":34,"column":6},"end":{"line":34,"column":60}},"12":{"start":{"line":35,"column":6},"end":{"line":35,"column":13}},"13":{"start":{"line":38,"column":16},"end":{"line":38,"column":29}},"14":{"start":{"line":40,"column":20},"end":{"line":40,"column":58}},"15":{"start":{"line":44,"column":4},"end":{"line":55,"column":5}},"16":{"start":{"line":45,"column":6},"end":{"line":51,"column":9}},"17":{"start":{"line":53,"column":6},"end":{"line":53,"column":73}},"18":{"start":{"line":54,"column":6},"end":{"line":54,"column":13}},"19":{"start":{"line":57,"column":4},"end":{"line":60,"column":5}},"20":{"start":{"line":58,"column":6},"end":{"line":58,"column":61}},"21":{"start":{"line":59,"column":6},"end":{"line":59,"column":13}},"22":{"start":{"line":62,"column":4},"end":{"line":68,"column":5}},"23":{"start":{"line":63,"column":6},"end":{"line":66,"column":9}},"24":{"start":{"line":67,"column":6},"end":{"line":67,"column":13}},"25":{"start":{"line":70,"column":4},"end":{"line":70,"column":38}},"26":{"start":{"line":71,"column":4},"end":{"line":71,"column":46}},"27":{"start":{"line":72,"column":4},"end":{"line":72,"column":33}},"28":{"start":{"line":76,"column":16},"end":{"line":76,"column":27}},"29":{"start":{"line":77,"column":4},"end":{"line":83,"column":5}},"30":{"start":{"line":78,"column":6},"end":{"line":82,"column":8}},"31":{"start":{"line":85,"column":21},"end":{"line":85,"column":25}},"32":{"start":{"line":86,"column":4},"end":{"line":88,"column":5}},"33":{"start":{"line":87,"column":6},"end":{"line":87,"column":34}},"34":{"start":{"line":90,"column":4},"end":{"line":127,"column":6}}},"fnMap":{"0":{"name":"(anonymous_0)","decl":{"start":{"line":7,"column":2},"end":{"line":7,"column":3}},"loc":{"start":{"line":7,"column":21},"end":{"line":16,"column":3}},"line":7},"1":{"name":"(anonymous_1)","decl":{"start":{"line":18,"column":19},"end":{"line":18,"column":20}},"loc":{"start":{"line":18,"column":30},"end":{"line":20,"column":3}},"line":18},"2":{"name":"(anonymous_2)","decl":{"start":{"line":22,"column":21},"end":{"line":22,"column":22}},"loc":{"start":{"line":22,"column":32},"end":{"line":24,"column":3}},"line":22},"3":{"name":"(anonymous_3)","decl":{"start":{"line":26,"column":20},"end":{"line":26,"column":21}},"loc":{"start":{"line":26,"column":31},"end":{"line":28,"column":3}},"line":26},"4":{"name":"(anonymous_4)","decl":{"start":{"line":30,"column":13},"end":{"line":30,"column":14}},"loc":{"start":{"line":30,"column":25},"end":{"line":73,"column":3}},"line":30},"5":{"name":"(anonymous_5)","decl":{"start":{"line":75,"column":2},"end":{"line":75,"column":3}},"loc":{"start":{"line":75,"column":11},"end":{"line":128,"column":3}},"line":75}},"branchMap":{"0":{"loc":{"start":{"line":33,"column":4},"end":{"line":36,"column":5}},"type":"if","locations":[{"start":{"line":33,"column":4},"end":{"line":36,"column":5}},{"start":{"line":33,"column":4},"end":{"line":36,"column":5}}],"line":33},"1":{"loc":{"start":{"line":57,"column":4},"end":{"line":60,"column":5}},"type":"if","locations":[{"start":{"line":57,"column":4},"end":{"line":60,"column":5}},{"start":{"line":57,"column":4},"end":{"line":60,"column":5}}],"line":57},"2":{"loc":{"start":{"line":62,"column":4},"end":{"line":68,"column":5}},"type":"if","locations":[{"start":{"line":62,"column":4},"end":{"line":68,"column":5}},{"start":{"line":62,"column":4},"end":{"line":68,"column":5}}],"line":62},"3":{"loc":{"start":{"line":77,"column":4},"end":{"line":83,"column":5}},"type":"if","locations":[{"start":{"line":77,"column":4},"end":{"line":83,"column":5}},{"start":{"line":77,"column":4},"end":{"line":83,"column":5}}],"line":77},"4":{"loc":{"start":{"line":86,"column":4},"end":{"line":88,"column":5}},"type":"if","locations":[{"start":{"line":86,"column":4},"end":{"line":88,"column":5}},{"start":{"line":86,"column":4},"end":{"line":88,"column":5}}],"line":86}},"s":{"0":3,"1":3,"2":3,"3":3,"4":3,"5":3,"6":3,"7":3,"8":3,"9":3,"10":3,"11":1,"12":1,"13":2,"14":2,"15":2,"16":2,"17":0,"18":0,"19":2,"20":1,"21":1,"22":1,"23":0,"24":0,"25":1,"26":1,"27":1,"28":15,"29":15,"30":2,"31":15,"32":15,"33":5,"34":15},"f":{"0":3,"1":3,"2":3,"3":3,"4":3,"5":15},"b":{"0":[1,2],"1":[1,1],"2":[0,1],"3":[2,13],"4":[5,10]},"_coverageSchema":"43e27e138ebf9cfc5966b082cf9a028302ed4184","hash":"3166f94a45f4a4b9674a0bac1fa11ba3fb43e585"}
,"C:\\Users\\Daniel\\WebstormProjects\\exam_371\\src\\server\\app.js": {"path":"C:\\Users\\Daniel\\WebstormProjects\\exam_371\\src\\server\\app.js","statementMap":{"0":{"start":{"line":1,"column":16},"end":{"line":1,"column":34}},"1":{"start":{"line":2,"column":19},"end":{"line":2,"column":41}},"2":{"start":{"line":3,"column":17},"end":{"line":3,"column":36}},"3":{"start":{"line":4,"column":16},"end":{"line":4,"column":42}},"4":{"start":{"line":5,"column":22},"end":{"line":5,"column":56}},"5":{"start":{"line":6,"column":13},"end":{"line":6,"column":28}},"6":{"start":{"line":8,"column":14},"end":{"line":8,"column":35}},"7":{"start":{"line":9,"column":16},"end":{"line":9,"column":44}},"8":{"start":{"line":10,"column":19},"end":{"line":10,"column":55}},"9":{"start":{"line":11,"column":22},"end":{"line":11,"column":64}},"10":{"start":{"line":13,"column":12},"end":{"line":13,"column":21}},"11":{"start":{"line":18,"column":0},"end":{"line":18,"column":27}},"12":{"start":{"line":22,"column":0},"end":{"line":24,"column":3}},"13":{"start":{"line":23,"column":4},"end":{"line":23,"column":26}},"14":{"start":{"line":26,"column":0},"end":{"line":30,"column":4}},"15":{"start":{"line":32,"column":0},"end":{"line":48,"column":3}},"16":{"start":{"line":39,"column":19},"end":{"line":39,"column":53}},"17":{"start":{"line":41,"column":8},"end":{"line":43,"column":9}},"18":{"start":{"line":42,"column":12},"end":{"line":42,"column":77}},"19":{"start":{"line":45,"column":21},"end":{"line":45,"column":42}},"20":{"start":{"line":46,"column":8},"end":{"line":46,"column":32}},"21":{"start":{"line":50,"column":0},"end":{"line":52,"column":3}},"22":{"start":{"line":51,"column":4},"end":{"line":51,"column":24}},"23":{"start":{"line":54,"column":0},"end":{"line":63,"column":3}},"24":{"start":{"line":56,"column":17},"end":{"line":56,"column":34}},"25":{"start":{"line":58,"column":4},"end":{"line":62,"column":5}},"26":{"start":{"line":59,"column":8},"end":{"line":59,"column":25}},"27":{"start":{"line":61,"column":8},"end":{"line":61,"column":26}},"28":{"start":{"line":65,"column":0},"end":{"line":65,"column":31}},"29":{"start":{"line":66,"column":0},"end":{"line":66,"column":28}},"30":{"start":{"line":69,"column":0},"end":{"line":69,"column":25}},"31":{"start":{"line":70,"column":0},"end":{"line":70,"column":28}},"32":{"start":{"line":71,"column":0},"end":{"line":71,"column":31}},"33":{"start":{"line":74,"column":0},"end":{"line":74,"column":34}},"34":{"start":{"line":76,"column":0},"end":{"line":78,"column":3}},"35":{"start":{"line":77,"column":4},"end":{"line":77,"column":78}},"36":{"start":{"line":80,"column":0},"end":{"line":80,"column":23}}},"fnMap":{"0":{"name":"(anonymous_0)","decl":{"start":{"line":22,"column":16},"end":{"line":22,"column":17}},"loc":{"start":{"line":22,"column":29},"end":{"line":24,"column":1}},"line":22},"1":{"name":"(anonymous_1)","decl":{"start":{"line":37,"column":4},"end":{"line":37,"column":5}},"loc":{"start":{"line":37,"column":38},"end":{"line":47,"column":5}},"line":37},"2":{"name":"(anonymous_2)","decl":{"start":{"line":50,"column":23},"end":{"line":50,"column":24}},"loc":{"start":{"line":50,"column":45},"end":{"line":52,"column":1}},"line":50},"3":{"name":"(anonymous_3)","decl":{"start":{"line":54,"column":25},"end":{"line":54,"column":26}},"loc":{"start":{"line":54,"column":45},"end":{"line":63,"column":1}},"line":54},"4":{"name":"(anonymous_4)","decl":{"start":{"line":76,"column":8},"end":{"line":76,"column":9}},"loc":{"start":{"line":76,"column":28},"end":{"line":78,"column":1}},"line":76}},"branchMap":{"0":{"loc":{"start":{"line":41,"column":8},"end":{"line":43,"column":9}},"type":"if","locations":[{"start":{"line":41,"column":8},"end":{"line":43,"column":9}},{"start":{"line":41,"column":8},"end":{"line":43,"column":9}}],"line":41},"1":{"loc":{"start":{"line":58,"column":4},"end":{"line":62,"column":5}},"type":"if","locations":[{"start":{"line":58,"column":4},"end":{"line":62,"column":5}},{"start":{"line":58,"column":4},"end":{"line":62,"column":5}}],"line":58}},"s":{"0":7,"1":7,"2":7,"3":7,"4":7,"5":7,"6":7,"7":7,"8":7,"9":7,"10":7,"11":7,"12":7,"13":0,"14":7,"15":7,"16":10,"17":10,"18":2,"19":8,"20":8,"21":7,"22":8,"23":7,"24":5,"25":5,"26":5,"27":0,"28":7,"29":7,"30":7,"31":7,"32":7,"33":7,"34":7,"35":0,"36":7},"f":{"0":0,"1":10,"2":8,"3":5,"4":0},"b":{"0":[2,8],"1":[5,0]},"_coverageSchema":"43e27e138ebf9cfc5966b082cf9a028302ed4184","hash":"ac79de7d4238812201a70274663c433b66975464"}
,"C:\\Users\\Daniel\\WebstormProjects\\exam_371\\src\\server\\server.js": {"path":"C:\\Users\\Daniel\\WebstormProjects\\exam_371\\src\\server\\server.js","statementMap":{"0":{"start":{"line":3,"column":14},"end":{"line":3,"column":30}},"1":{"start":{"line":5,"column":15},"end":{"line":5,"column":42}},"2":{"start":{"line":7,"column":13},"end":{"line":7,"column":37}},"3":{"start":{"line":9,"column":0},"end":{"line":11,"column":3}},"4":{"start":{"line":10,"column":3},"end":{"line":10,"column":49}}},"fnMap":{"0":{"name":"(anonymous_0)","decl":{"start":{"line":9,"column":20},"end":{"line":9,"column":21}},"loc":{"start":{"line":9,"column":26},"end":{"line":11,"column":1}},"line":9}},"branchMap":{"0":{"loc":{"start":{"line":7,"column":13},"end":{"line":7,"column":37}},"type":"binary-expr","locations":[{"start":{"line":7,"column":13},"end":{"line":7,"column":29}},{"start":{"line":7,"column":33},"end":{"line":7,"column":37}}],"line":7}},"s":{"0":0,"1":0,"2":0,"3":0,"4":0},"f":{"0":0},"b":{"0":[0,0]},"hash":"bac6cbf24cd6574da3cfd25a5bb20b2254b17388"}
,"C:\\Users\\Daniel\\WebstormProjects\\exam_371\\src\\server\\db\\pokemonCollection.js": {"path":"C:\\Users\\Daniel\\WebstormProjects\\exam_371\\src\\server\\db\\pokemonCollection.js","statementMap":{"0":{"start":{"line":2,"column":19},"end":{"line":2,"column":28}},"1":{"start":{"line":7,"column":4},"end":{"line":7,"column":22}},"2":{"start":{"line":8,"column":4},"end":{"line":8,"column":16}},"3":{"start":{"line":10,"column":4},"end":{"line":10,"column":42}},"4":{"start":{"line":11,"column":4},"end":{"line":11,"column":41}},"5":{"start":{"line":15,"column":15},"end":{"line":15,"column":27}},"6":{"start":{"line":16,"column":4},"end":{"line":16,"column":14}},"7":{"start":{"line":18,"column":20},"end":{"line":22,"column":5}},"8":{"start":{"line":24,"column":4},"end":{"line":24,"column":32}},"9":{"start":{"line":25,"column":4},"end":{"line":25,"column":14}},"10":{"start":{"line":31,"column":4},"end":{"line":31,"column":30}},"11":{"start":{"line":35,"column":4},"end":{"line":35,"column":43}},"12":{"start":{"line":39,"column":4},"end":{"line":41,"column":5}},"13":{"start":{"line":40,"column":8},"end":{"line":40,"column":21}},"14":{"start":{"line":42,"column":4},"end":{"line":42,"column":40}},"15":{"start":{"line":43,"column":4},"end":{"line":43,"column":15}},"16":{"start":{"line":47,"column":4},"end":{"line":47,"column":33}},"17":{"start":{"line":50,"column":0},"end":{"line":50,"column":109}}},"fnMap":{"0":{"name":"initSomePokemon","decl":{"start":{"line":6,"column":9},"end":{"line":6,"column":24}},"loc":{"start":{"line":6,"column":27},"end":{"line":12,"column":1}},"line":6},"1":{"name":"createNewPokemon","decl":{"start":{"line":14,"column":9},"end":{"line":14,"column":25}},"loc":{"start":{"line":14,"column":37},"end":{"line":26,"column":1}},"line":14},"2":{"name":"getPokemon","decl":{"start":{"line":30,"column":9},"end":{"line":30,"column":19}},"loc":{"start":{"line":30,"column":23},"end":{"line":32,"column":1}},"line":30},"3":{"name":"getAllPokemon","decl":{"start":{"line":34,"column":9},"end":{"line":34,"column":22}},"loc":{"start":{"line":34,"column":25},"end":{"line":36,"column":1}},"line":34},"4":{"name":"updatePokemon","decl":{"start":{"line":38,"column":9},"end":{"line":38,"column":22}},"loc":{"start":{"line":38,"column":32},"end":{"line":44,"column":1}},"line":38},"5":{"name":"deletePokemon","decl":{"start":{"line":46,"column":9},"end":{"line":46,"column":22}},"loc":{"start":{"line":46,"column":27},"end":{"line":48,"column":1}},"line":46}},"branchMap":{"0":{"loc":{"start":{"line":39,"column":4},"end":{"line":41,"column":5}},"type":"if","locations":[{"start":{"line":39,"column":4},"end":{"line":41,"column":5}},{"start":{"line":39,"column":4},"end":{"line":41,"column":5}}],"line":39}},"s":{"0":7,"1":6,"2":6,"3":6,"4":6,"5":14,"6":14,"7":14,"8":14,"9":14,"10":6,"11":6,"12":1,"13":0,"14":1,"15":1,"16":2,"17":7},"f":{"0":6,"1":14,"2":6,"3":6,"4":1,"5":2},"b":{"0":[0,1]},"_coverageSchema":"43e27e138ebf9cfc5966b082cf9a028302ed4184","hash":"097d09e45b8332cebac861c8a373de7528251365"}
,"C:\\Users\\Daniel\\WebstormProjects\\exam_371\\src\\server\\db\\pokemonList.js": {"path":"C:\\Users\\Daniel\\WebstormProjects\\exam_371\\src\\server\\db\\pokemonList.js","statementMap":{"0":{"start":{"line":2,"column":23},"end":{"line":103,"column":1}},"1":{"start":{"line":107,"column":4},"end":{"line":109,"column":5}},"2":{"start":{"line":108,"column":8},"end":{"line":108,"column":72}},"3":{"start":{"line":111,"column":4},"end":{"line":113,"column":5}},"4":{"start":{"line":112,"column":8},"end":{"line":112,"column":33}},"5":{"start":{"line":115,"column":22},"end":{"line":115,"column":44}},"6":{"start":{"line":116,"column":12},"end":{"line":116,"column":13}},"7":{"start":{"line":118,"column":4},"end":{"line":126,"column":5}},"8":{"start":{"line":119,"column":18},"end":{"line":119,"column":64}},"9":{"start":{"line":120,"column":8},"end":{"line":122,"column":9}},"10":{"start":{"line":121,"column":12},"end":{"line":121,"column":21}},"11":{"start":{"line":124,"column":8},"end":{"line":124,"column":25}},"12":{"start":{"line":125,"column":8},"end":{"line":125,"column":12}},"13":{"start":{"line":128,"column":4},"end":{"line":128,"column":58}},"14":{"start":{"line":128,"column":42},"end":{"line":128,"column":56}},"15":{"start":{"line":135,"column":4},"end":{"line":135,"column":37}},"16":{"start":{"line":139,"column":4},"end":{"line":139,"column":31}},"17":{"start":{"line":143,"column":4},"end":{"line":143,"column":44}},"18":{"start":{"line":147,"column":4},"end":{"line":149,"column":5}},"19":{"start":{"line":148,"column":8},"end":{"line":148,"column":21}},"20":{"start":{"line":150,"column":4},"end":{"line":150,"column":41}},"21":{"start":{"line":151,"column":4},"end":{"line":151,"column":41}},"22":{"start":{"line":156,"column":0},"end":{"line":156,"column":114}}},"fnMap":{"0":{"name":"getRandomPokemon","decl":{"start":{"line":106,"column":9},"end":{"line":106,"column":25}},"loc":{"start":{"line":106,"column":43},"end":{"line":130,"column":1}},"line":106},"1":{"name":"(anonymous_1)","decl":{"start":{"line":128,"column":37},"end":{"line":128,"column":38}},"loc":{"start":{"line":128,"column":42},"end":{"line":128,"column":56}},"line":128},"2":{"name":"deletePokemon","decl":{"start":{"line":134,"column":9},"end":{"line":134,"column":22}},"loc":{"start":{"line":134,"column":26},"end":{"line":136,"column":1}},"line":134},"3":{"name":"getPokemon","decl":{"start":{"line":138,"column":9},"end":{"line":138,"column":19}},"loc":{"start":{"line":138,"column":28},"end":{"line":140,"column":1}},"line":138},"4":{"name":"getAllPokemon","decl":{"start":{"line":142,"column":9},"end":{"line":142,"column":22}},"loc":{"start":{"line":142,"column":24},"end":{"line":144,"column":1}},"line":142},"5":{"name":"updatePokemon","decl":{"start":{"line":146,"column":9},"end":{"line":146,"column":22}},"loc":{"start":{"line":146,"column":37},"end":{"line":153,"column":4}},"line":146}},"branchMap":{"0":{"loc":{"start":{"line":107,"column":4},"end":{"line":109,"column":5}},"type":"if","locations":[{"start":{"line":107,"column":4},"end":{"line":109,"column":5}},{"start":{"line":107,"column":4},"end":{"line":109,"column":5}}],"line":107},"1":{"loc":{"start":{"line":111,"column":4},"end":{"line":113,"column":5}},"type":"if","locations":[{"start":{"line":111,"column":4},"end":{"line":113,"column":5}},{"start":{"line":111,"column":4},"end":{"line":113,"column":5}}],"line":111},"2":{"loc":{"start":{"line":120,"column":8},"end":{"line":122,"column":9}},"type":"if","locations":[{"start":{"line":120,"column":8},"end":{"line":122,"column":9}},{"start":{"line":120,"column":8},"end":{"line":122,"column":9}}],"line":120},"3":{"loc":{"start":{"line":147,"column":4},"end":{"line":149,"column":5}},"type":"if","locations":[{"start":{"line":147,"column":4},"end":{"line":149,"column":5}},{"start":{"line":147,"column":4},"end":{"line":149,"column":5}}],"line":147}},"s":{"0":8,"1":104,"2":2,"3":102,"4":1,"5":101,"6":101,"7":101,"8":201,"9":201,"10":0,"11":201,"12":201,"13":101,"14":201,"15":2,"16":20,"17":4,"18":0,"19":0,"20":0,"21":0,"22":8},"f":{"0":104,"1":201,"2":2,"3":20,"4":4,"5":0},"b":{"0":[2,102],"1":[1,101],"2":[0,201],"3":[0,0]},"_coverageSchema":"43e27e138ebf9cfc5966b082cf9a028302ed4184","hash":"211b50358490ff087fefd69c4630b469b76315b5"}
,"C:\\Users\\Daniel\\WebstormProjects\\exam_371\\src\\server\\db\\users.js": {"path":"C:\\Users\\Daniel\\WebstormProjects\\exam_371\\src\\server\\db\\users.js","statementMap":{"0":{"start":{"line":4,"column":14},"end":{"line":4,"column":23}},"1":{"start":{"line":9,"column":4},"end":{"line":9,"column":25}},"2":{"start":{"line":14,"column":17},"end":{"line":14,"column":28}},"3":{"start":{"line":16,"column":4},"end":{"line":18,"column":5}},"4":{"start":{"line":17,"column":8},"end":{"line":17,"column":21}},"5":{"start":{"line":20,"column":4},"end":{"line":20,"column":38}},"6":{"start":{"line":25,"column":4},"end":{"line":27,"column":5}},"7":{"start":{"line":26,"column":8},"end":{"line":26,"column":21}},"8":{"start":{"line":29,"column":17},"end":{"line":34,"column":5}},"9":{"start":{"line":36,"column":4},"end":{"line":36,"column":24}},"10":{"start":{"line":37,"column":4},"end":{"line":37,"column":16}},"11":{"start":{"line":41,"column":4},"end":{"line":41,"column":18}},"12":{"start":{"line":46,"column":17},"end":{"line":46,"column":32}},"13":{"start":{"line":47,"column":4},"end":{"line":49,"column":5}},"14":{"start":{"line":48,"column":8},"end":{"line":48,"column":42}},"15":{"start":{"line":51,"column":4},"end":{"line":55,"column":5}},"16":{"start":{"line":52,"column":8},"end":{"line":52,"column":25}},"17":{"start":{"line":54,"column":8},"end":{"line":54,"column":23}},"18":{"start":{"line":59,"column":0},"end":{"line":59,"column":84}}},"fnMap":{"0":{"name":"getUser","decl":{"start":{"line":7,"column":9},"end":{"line":7,"column":16}},"loc":{"start":{"line":7,"column":20},"end":{"line":10,"column":1}},"line":7},"1":{"name":"verifyUser","decl":{"start":{"line":12,"column":9},"end":{"line":12,"column":19}},"loc":{"start":{"line":12,"column":33},"end":{"line":21,"column":1}},"line":12},"2":{"name":"createUser","decl":{"start":{"line":23,"column":9},"end":{"line":23,"column":19}},"loc":{"start":{"line":23,"column":33},"end":{"line":38,"column":1}},"line":23},"3":{"name":"resetAllUsers","decl":{"start":{"line":40,"column":9},"end":{"line":40,"column":22}},"loc":{"start":{"line":40,"column":24},"end":{"line":42,"column":1}},"line":40},"4":{"name":"reportEndOfMatch","decl":{"start":{"line":44,"column":9},"end":{"line":44,"column":25}},"loc":{"start":{"line":44,"column":44},"end":{"line":56,"column":1}},"line":44}},"branchMap":{"0":{"loc":{"start":{"line":16,"column":4},"end":{"line":18,"column":5}},"type":"if","locations":[{"start":{"line":16,"column":4},"end":{"line":18,"column":5}},{"start":{"line":16,"column":4},"end":{"line":18,"column":5}}],"line":16},"1":{"loc":{"start":{"line":25,"column":4},"end":{"line":27,"column":5}},"type":"if","locations":[{"start":{"line":25,"column":4},"end":{"line":27,"column":5}},{"start":{"line":25,"column":4},"end":{"line":27,"column":5}}],"line":25},"2":{"loc":{"start":{"line":47,"column":4},"end":{"line":49,"column":5}},"type":"if","locations":[{"start":{"line":47,"column":4},"end":{"line":49,"column":5}},{"start":{"line":47,"column":4},"end":{"line":49,"column":5}}],"line":47},"3":{"loc":{"start":{"line":51,"column":4},"end":{"line":55,"column":5}},"type":"if","locations":[{"start":{"line":51,"column":4},"end":{"line":55,"column":5}},{"start":{"line":51,"column":4},"end":{"line":55,"column":5}}],"line":51}},"s":{"0":7,"1":33,"2":10,"3":10,"4":2,"5":8,"6":8,"7":1,"8":7,"9":7,"10":7,"11":5,"12":0,"13":0,"14":0,"15":0,"16":0,"17":0,"18":7},"f":{"0":33,"1":10,"2":8,"3":5,"4":0},"b":{"0":[2,8],"1":[1,7],"2":[0,0],"3":[0,0]},"_coverageSchema":"43e27e138ebf9cfc5966b082cf9a028302ed4184","hash":"6e2bdd93a36cbee1ee3df6b9ac89321a526a1cd2"}
,"C:\\Users\\Daniel\\WebstormProjects\\exam_371\\src\\server\\routes\\auth-api.js": {"path":"C:\\Users\\Daniel\\WebstormProjects\\exam_371\\src\\server\\routes\\auth-api.js","statementMap":{"0":{"start":{"line":1,"column":16},"end":{"line":1,"column":34}},"1":{"start":{"line":2,"column":17},"end":{"line":2,"column":36}},"2":{"start":{"line":4,"column":14},"end":{"line":4,"column":36}},"3":{"start":{"line":6,"column":15},"end":{"line":6,"column":31}},"4":{"start":{"line":8,"column":0},"end":{"line":11,"column":3}},"5":{"start":{"line":10,"column":4},"end":{"line":10,"column":27}},"6":{"start":{"line":13,"column":0},"end":{"line":32,"column":3}},"7":{"start":{"line":15,"column":20},"end":{"line":15,"column":72}},"8":{"start":{"line":17,"column":4},"end":{"line":20,"column":5}},"9":{"start":{"line":18,"column":8},"end":{"line":18,"column":31}},"10":{"start":{"line":19,"column":8},"end":{"line":19,"column":15}},"11":{"start":{"line":22,"column":4},"end":{"line":31,"column":7}},"12":{"start":{"line":23,"column":8},"end":{"line":30,"column":11}},"13":{"start":{"line":24,"column":12},"end":{"line":29,"column":13}},"14":{"start":{"line":26,"column":16},"end":{"line":26,"column":39}},"15":{"start":{"line":28,"column":16},"end":{"line":28,"column":39}},"16":{"start":{"line":34,"column":0},"end":{"line":38,"column":3}},"17":{"start":{"line":36,"column":4},"end":{"line":36,"column":17}},"18":{"start":{"line":37,"column":4},"end":{"line":37,"column":27}},"19":{"start":{"line":45,"column":0},"end":{"line":58,"column":3}},"20":{"start":{"line":47,"column":4},"end":{"line":50,"column":5}},"21":{"start":{"line":48,"column":8},"end":{"line":48,"column":31}},"22":{"start":{"line":49,"column":8},"end":{"line":49,"column":15}},"23":{"start":{"line":52,"column":4},"end":{"line":57,"column":6}},"24":{"start":{"line":61,"column":0},"end":{"line":61,"column":24}}},"fnMap":{"0":{"name":"(anonymous_0)","decl":{"start":{"line":8,"column":54},"end":{"line":8,"column":55}},"loc":{"start":{"line":8,"column":68},"end":{"line":11,"column":1}},"line":8},"1":{"name":"(anonymous_1)","decl":{"start":{"line":13,"column":23},"end":{"line":13,"column":24}},"loc":{"start":{"line":13,"column":43},"end":{"line":32,"column":1}},"line":13},"2":{"name":"(anonymous_2)","decl":{"start":{"line":22,"column":45},"end":{"line":22,"column":46}},"loc":{"start":{"line":22,"column":51},"end":{"line":31,"column":5}},"line":22},"3":{"name":"(anonymous_3)","decl":{"start":{"line":23,"column":25},"end":{"line":23,"column":26}},"loc":{"start":{"line":23,"column":34},"end":{"line":30,"column":9}},"line":23},"4":{"name":"(anonymous_4)","decl":{"start":{"line":34,"column":23},"end":{"line":34,"column":24}},"loc":{"start":{"line":34,"column":43},"end":{"line":38,"column":1}},"line":34},"5":{"name":"(anonymous_5)","decl":{"start":{"line":45,"column":20},"end":{"line":45,"column":21}},"loc":{"start":{"line":45,"column":40},"end":{"line":58,"column":1}},"line":45}},"branchMap":{"0":{"loc":{"start":{"line":17,"column":4},"end":{"line":20,"column":5}},"type":"if","locations":[{"start":{"line":17,"column":4},"end":{"line":20,"column":5}},{"start":{"line":17,"column":4},"end":{"line":20,"column":5}}],"line":17},"1":{"loc":{"start":{"line":24,"column":12},"end":{"line":29,"column":13}},"type":"if","locations":[{"start":{"line":24,"column":12},"end":{"line":29,"column":13}},{"start":{"line":24,"column":12},"end":{"line":29,"column":13}}],"line":24},"2":{"loc":{"start":{"line":47,"column":4},"end":{"line":50,"column":5}},"type":"if","locations":[{"start":{"line":47,"column":4},"end":{"line":50,"column":5}},{"start":{"line":47,"column":4},"end":{"line":50,"column":5}}],"line":47}},"s":{"0":7,"1":7,"2":7,"3":7,"4":7,"5":3,"6":7,"7":6,"8":6,"9":1,"10":1,"11":5,"12":5,"13":5,"14":0,"15":5,"16":7,"17":2,"18":2,"19":7,"20":7,"21":3,"22":3,"23":4,"24":7},"f":{"0":3,"1":6,"2":5,"3":5,"4":2,"5":7},"b":{"0":[1,5],"1":[0,5],"2":[3,4]},"_coverageSchema":"43e27e138ebf9cfc5966b082cf9a028302ed4184","hash":"38274ddcf7af9fa0d415953024110bb619eaefb3"}
,"C:\\Users\\Daniel\\WebstormProjects\\exam_371\\src\\server\\routes\\pokemon-collection-api.js": {"path":"C:\\Users\\Daniel\\WebstormProjects\\exam_371\\src\\server\\routes\\pokemon-collection-api.js","statementMap":{"0":{"start":{"line":1,"column":16},"end":{"line":1,"column":34}},"1":{"start":{"line":2,"column":21},"end":{"line":2,"column":55}},"2":{"start":{"line":3,"column":24},"end":{"line":3,"column":58}},"3":{"start":{"line":4,"column":24},"end":{"line":4,"column":58}},"4":{"start":{"line":5,"column":27},"end":{"line":5,"column":61}},"5":{"start":{"line":6,"column":24},"end":{"line":6,"column":58}},"6":{"start":{"line":9,"column":15},"end":{"line":9,"column":31}},"7":{"start":{"line":11,"column":0},"end":{"line":14,"column":3}},"8":{"start":{"line":13,"column":4},"end":{"line":13,"column":30}},"9":{"start":{"line":16,"column":0},"end":{"line":26,"column":3}},"10":{"start":{"line":18,"column":20},"end":{"line":18,"column":48}},"11":{"start":{"line":20,"column":4},"end":{"line":25,"column":5}},"12":{"start":{"line":21,"column":8},"end":{"line":21,"column":24}},"13":{"start":{"line":22,"column":8},"end":{"line":22,"column":18}},"14":{"start":{"line":24,"column":8},"end":{"line":24,"column":25}},"15":{"start":{"line":28,"column":0},"end":{"line":37,"column":3}},"16":{"start":{"line":30,"column":20},"end":{"line":30,"column":48}},"17":{"start":{"line":31,"column":4},"end":{"line":35,"column":5}},"18":{"start":{"line":32,"column":8},"end":{"line":32,"column":24}},"19":{"start":{"line":34,"column":8},"end":{"line":34,"column":24}},"20":{"start":{"line":36,"column":4},"end":{"line":36,"column":14}},"21":{"start":{"line":39,"column":0},"end":{"line":48,"column":3}},"22":{"start":{"line":41,"column":16},"end":{"line":41,"column":24}},"23":{"start":{"line":43,"column":15},"end":{"line":43,"column":51}},"24":{"start":{"line":45,"column":4},"end":{"line":45,"column":20}},"25":{"start":{"line":46,"column":4},"end":{"line":46,"column":52}},"26":{"start":{"line":47,"column":4},"end":{"line":47,"column":14}},"27":{"start":{"line":50,"column":0},"end":{"line":66,"column":3}},"28":{"start":{"line":52,"column":4},"end":{"line":56,"column":5}},"29":{"start":{"line":53,"column":8},"end":{"line":53,"column":24}},"30":{"start":{"line":54,"column":8},"end":{"line":54,"column":19}},"31":{"start":{"line":55,"column":8},"end":{"line":55,"column":15}},"32":{"start":{"line":58,"column":20},"end":{"line":58,"column":43}},"33":{"start":{"line":60,"column":4},"end":{"line":64,"column":5}},"34":{"start":{"line":61,"column":8},"end":{"line":61,"column":24}},"35":{"start":{"line":63,"column":8},"end":{"line":63,"column":24}},"36":{"start":{"line":65,"column":4},"end":{"line":65,"column":14}},"37":{"start":{"line":71,"column":0},"end":{"line":71,"column":24}}},"fnMap":{"0":{"name":"(anonymous_0)","decl":{"start":{"line":11,"column":26},"end":{"line":11,"column":27}},"loc":{"start":{"line":11,"column":40},"end":{"line":14,"column":1}},"line":11},"1":{"name":"(anonymous_1)","decl":{"start":{"line":16,"column":30},"end":{"line":16,"column":31}},"loc":{"start":{"line":16,"column":44},"end":{"line":26,"column":1}},"line":16},"2":{"name":"(anonymous_2)","decl":{"start":{"line":28,"column":33},"end":{"line":28,"column":34}},"loc":{"start":{"line":28,"column":47},"end":{"line":37,"column":1}},"line":28},"3":{"name":"(anonymous_3)","decl":{"start":{"line":39,"column":27},"end":{"line":39,"column":28}},"loc":{"start":{"line":39,"column":41},"end":{"line":48,"column":1}},"line":39},"4":{"name":"(anonymous_4)","decl":{"start":{"line":50,"column":30},"end":{"line":50,"column":31}},"loc":{"start":{"line":50,"column":44},"end":{"line":66,"column":1}},"line":50}},"branchMap":{"0":{"loc":{"start":{"line":20,"column":4},"end":{"line":25,"column":5}},"type":"if","locations":[{"start":{"line":20,"column":4},"end":{"line":25,"column":5}},{"start":{"line":20,"column":4},"end":{"line":25,"column":5}}],"line":20},"1":{"loc":{"start":{"line":31,"column":4},"end":{"line":35,"column":5}},"type":"if","locations":[{"start":{"line":31,"column":4},"end":{"line":35,"column":5}},{"start":{"line":31,"column":4},"end":{"line":35,"column":5}}],"line":31},"2":{"loc":{"start":{"line":52,"column":4},"end":{"line":56,"column":5}},"type":"if","locations":[{"start":{"line":52,"column":4},"end":{"line":56,"column":5}},{"start":{"line":52,"column":4},"end":{"line":56,"column":5}}],"line":52},"3":{"loc":{"start":{"line":60,"column":4},"end":{"line":64,"column":5}},"type":"if","locations":[{"start":{"line":60,"column":4},"end":{"line":64,"column":5}},{"start":{"line":60,"column":4},"end":{"line":64,"column":5}}],"line":60}},"s":{"0":7,"1":7,"2":7,"3":7,"4":7,"5":7,"6":7,"7":7,"8":6,"9":7,"10":6,"11":6,"12":1,"13":1,"14":5,"15":7,"16":2,"17":2,"18":2,"19":0,"20":2,"21":7,"22":2,"23":2,"24":2,"25":2,"26":2,"27":7,"28":1,"29":0,"30":0,"31":0,"32":1,"33":1,"34":1,"35":0,"36":1,"37":7},"f":{"0":6,"1":6,"2":2,"3":2,"4":1},"b":{"0":[1,5],"1":[2,0],"2":[0,1],"3":[1,0]},"_coverageSchema":"43e27e138ebf9cfc5966b082cf9a028302ed4184","hash":"9f796116e9c4d9f591ad865e968b947c95e1b0d7"}
,"C:\\Users\\Daniel\\WebstormProjects\\exam_371\\src\\server\\routes\\pokemon-list-api.js": {"path":"C:\\Users\\Daniel\\WebstormProjects\\exam_371\\src\\server\\routes\\pokemon-list-api.js","statementMap":{"0":{"start":{"line":1,"column":16},"end":{"line":1,"column":34}},"1":{"start":{"line":2,"column":18},"end":{"line":2,"column":46}},"2":{"start":{"line":3,"column":27},"end":{"line":3,"column":55}},"3":{"start":{"line":4,"column":24},"end":{"line":4,"column":52}},"4":{"start":{"line":5,"column":21},"end":{"line":5,"column":49}},"5":{"start":{"line":6,"column":24},"end":{"line":6,"column":52}},"6":{"start":{"line":7,"column":24},"end":{"line":7,"column":52}},"7":{"start":{"line":10,"column":15},"end":{"line":10,"column":31}},"8":{"start":{"line":12,"column":0},"end":{"line":17,"column":3}},"9":{"start":{"line":14,"column":20},"end":{"line":14,"column":27}},"10":{"start":{"line":16,"column":4},"end":{"line":16,"column":34}},"11":{"start":{"line":19,"column":0},"end":{"line":24,"column":3}},"12":{"start":{"line":21,"column":20},"end":{"line":21,"column":39}},"13":{"start":{"line":23,"column":4},"end":{"line":23,"column":33}},"14":{"start":{"line":26,"column":0},"end":{"line":35,"column":3}},"15":{"start":{"line":28,"column":20},"end":{"line":28,"column":48}},"16":{"start":{"line":29,"column":8},"end":{"line":33,"column":9}},"17":{"start":{"line":30,"column":12},"end":{"line":30,"column":28}},"18":{"start":{"line":32,"column":12},"end":{"line":32,"column":28}},"19":{"start":{"line":34,"column":8},"end":{"line":34,"column":22}},"20":{"start":{"line":38,"column":0},"end":{"line":47,"column":3}},"21":{"start":{"line":40,"column":20},"end":{"line":40,"column":48}},"22":{"start":{"line":41,"column":4},"end":{"line":45,"column":5}},"23":{"start":{"line":42,"column":8},"end":{"line":42,"column":24}},"24":{"start":{"line":44,"column":8},"end":{"line":44,"column":23}},"25":{"start":{"line":46,"column":4},"end":{"line":46,"column":15}},"26":{"start":{"line":49,"column":0},"end":{"line":59,"column":3}},"27":{"start":{"line":51,"column":20},"end":{"line":51,"column":48}},"28":{"start":{"line":53,"column":4},"end":{"line":58,"column":5}},"29":{"start":{"line":54,"column":8},"end":{"line":54,"column":24}},"30":{"start":{"line":55,"column":8},"end":{"line":55,"column":18}},"31":{"start":{"line":57,"column":8},"end":{"line":57,"column":25}},"32":{"start":{"line":61,"column":0},"end":{"line":63,"column":3}},"33":{"start":{"line":62,"column":4},"end":{"line":62,"column":30}},"34":{"start":{"line":65,"column":0},"end":{"line":79,"column":3}},"35":{"start":{"line":66,"column":3},"end":{"line":70,"column":4}},"36":{"start":{"line":67,"column":7},"end":{"line":67,"column":23}},"37":{"start":{"line":68,"column":7},"end":{"line":68,"column":17}},"38":{"start":{"line":69,"column":7},"end":{"line":69,"column":14}},"39":{"start":{"line":72,"column":19},"end":{"line":72,"column":42}},"40":{"start":{"line":73,"column":3},"end":{"line":77,"column":4}},"41":{"start":{"line":74,"column":7},"end":{"line":74,"column":23}},"42":{"start":{"line":76,"column":7},"end":{"line":76,"column":23}},"43":{"start":{"line":78,"column":3},"end":{"line":78,"column":14}},"44":{"start":{"line":82,"column":0},"end":{"line":82,"column":24}}},"fnMap":{"0":{"name":"(anonymous_0)","decl":{"start":{"line":12,"column":24},"end":{"line":12,"column":25}},"loc":{"start":{"line":12,"column":38},"end":{"line":17,"column":1}},"line":12},"1":{"name":"(anonymous_1)","decl":{"start":{"line":19,"column":24},"end":{"line":19,"column":25}},"loc":{"start":{"line":19,"column":38},"end":{"line":24,"column":1}},"line":19},"2":{"name":"(anonymous_2)","decl":{"start":{"line":26,"column":30},"end":{"line":26,"column":31}},"loc":{"start":{"line":26,"column":44},"end":{"line":35,"column":1}},"line":26},"3":{"name":"(anonymous_3)","decl":{"start":{"line":38,"column":30},"end":{"line":38,"column":31}},"loc":{"start":{"line":38,"column":43},"end":{"line":47,"column":1}},"line":38},"4":{"name":"(anonymous_4)","decl":{"start":{"line":49,"column":27},"end":{"line":49,"column":28}},"loc":{"start":{"line":49,"column":41},"end":{"line":59,"column":1}},"line":49},"5":{"name":"(anonymous_5)","decl":{"start":{"line":61,"column":23},"end":{"line":61,"column":24}},"loc":{"start":{"line":61,"column":37},"end":{"line":63,"column":1}},"line":61},"6":{"name":"(anonymous_6)","decl":{"start":{"line":65,"column":26},"end":{"line":65,"column":27}},"loc":{"start":{"line":65,"column":40},"end":{"line":79,"column":1}},"line":65}},"branchMap":{"0":{"loc":{"start":{"line":29,"column":8},"end":{"line":33,"column":9}},"type":"if","locations":[{"start":{"line":29,"column":8},"end":{"line":33,"column":9}},{"start":{"line":29,"column":8},"end":{"line":33,"column":9}}],"line":29},"1":{"loc":{"start":{"line":41,"column":4},"end":{"line":45,"column":5}},"type":"if","locations":[{"start":{"line":41,"column":4},"end":{"line":45,"column":5}},{"start":{"line":41,"column":4},"end":{"line":45,"column":5}}],"line":41},"2":{"loc":{"start":{"line":53,"column":4},"end":{"line":58,"column":5}},"type":"if","locations":[{"start":{"line":53,"column":4},"end":{"line":58,"column":5}},{"start":{"line":53,"column":4},"end":{"line":58,"column":5}}],"line":53},"3":{"loc":{"start":{"line":66,"column":3},"end":{"line":70,"column":4}},"type":"if","locations":[{"start":{"line":66,"column":3},"end":{"line":70,"column":4}},{"start":{"line":66,"column":3},"end":{"line":70,"column":4}}],"line":66},"4":{"loc":{"start":{"line":73,"column":3},"end":{"line":77,"column":4}},"type":"if","locations":[{"start":{"line":73,"column":3},"end":{"line":77,"column":4}},{"start":{"line":73,"column":3},"end":{"line":77,"column":4}}],"line":73}},"s":{"0":7,"1":7,"2":7,"3":7,"4":7,"5":7,"6":7,"7":7,"8":7,"9":2,"10":2,"11":7,"12":0,"13":0,"14":7,"15":2,"16":2,"17":2,"18":0,"19":2,"20":7,"21":0,"22":0,"23":0,"24":0,"25":0,"26":7,"27":20,"28":20,"29":0,"30":0,"31":20,"32":7,"33":4,"34":7,"35":0,"36":0,"37":0,"38":0,"39":0,"40":0,"41":0,"42":0,"43":0,"44":7},"f":{"0":2,"1":0,"2":2,"3":0,"4":20,"5":4,"6":0},"b":{"0":[2,0],"1":[0,0],"2":[0,20],"3":[0,0],"4":[0,0]},"_coverageSchema":"43e27e138ebf9cfc5966b082cf9a028302ed4184","hash":"85f76ff19c5ea35693efa14944fe5d017bcaa257"}
}
