{"C:\\Users\\Daniel\\WebstormProjects\\exam_371\\src\\client\\home.jsx": {"path":"C:\\Users\\Daniel\\WebstormProjects\\exam_371\\src\\client\\home.jsx","statementMap":{"0":{"start":{"line":6,"column":8},"end":{"line":6,"column":21}},"1":{"start":{"line":10,"column":8},"end":{"line":27,"column":9}}},"fnMap":{"0":{"name":"(anonymous_0)","decl":{"start":{"line":5,"column":4},"end":{"line":5,"column":5}},"loc":{"start":{"line":5,"column":23},"end":{"line":7,"column":5}},"line":5},"1":{"name":"(anonymous_1)","decl":{"start":{"line":9,"column":4},"end":{"line":9,"column":5}},"loc":{"start":{"line":9,"column":13},"end":{"line":28,"column":5}},"line":9}},"branchMap":{},"s":{"0":1,"1":1},"f":{"0":1,"1":1},"b":{},"_coverageSchema":"43e27e138ebf9cfc5966b082cf9a028302ed4184","hash":"94f676cb9918d02f498f9a4052437c05831894f7"}
,"C:\\Users\\Daniel\\WebstormProjects\\exam_371\\src\\client\\index.jsx": {"path":"C:\\Users\\Daniel\\WebstormProjects\\exam_371\\src\\client\\index.jsx","statementMap":{"0":{"start":{"line":9,"column":17},"end":{"line":18,"column":1}},"1":{"start":{"line":10,"column":4},"end":{"line":17,"column":6}},"2":{"start":{"line":20,"column":12},"end":{"line":33,"column":1}},"3":{"start":{"line":21,"column":4},"end":{"line":32,"column":6}},"4":{"start":{"line":35,"column":0},"end":{"line":35,"column":57}}},"fnMap":{"0":{"name":"(anonymous_0)","decl":{"start":{"line":9,"column":17},"end":{"line":9,"column":18}},"loc":{"start":{"line":9,"column":23},"end":{"line":18,"column":1}},"line":9},"1":{"name":"(anonymous_1)","decl":{"start":{"line":20,"column":12},"end":{"line":20,"column":13}},"loc":{"start":{"line":20,"column":18},"end":{"line":33,"column":1}},"line":20}},"branchMap":{},"s":{"0":0,"1":0,"2":0,"3":0,"4":0},"f":{"0":0,"1":0},"b":{},"hash":"9bf78c137aa5e7308f4f61c09fbf45885987c303"}
,"C:\\Users\\Daniel\\WebstormProjects\\exam_371\\src\\client\\lootboxGame.jsx": {"path":"C:\\Users\\Daniel\\WebstormProjects\\exam_371\\src\\client\\lootboxGame.jsx","statementMap":{"0":{"start":{"line":6,"column":8},"end":{"line":6,"column":21}},"1":{"start":{"line":8,"column":8},"end":{"line":11,"column":9}},"2":{"start":{"line":18,"column":24},"end":{"line":30,"column":5}},"3":{"start":{"line":19,"column":24},"end":{"line":19,"column":54}},"4":{"start":{"line":21,"column":8},"end":{"line":29,"column":9}},"5":{"start":{"line":32,"column":23},"end":{"line":52,"column":5}},"6":{"start":{"line":33,"column":8},"end":{"line":35,"column":9}},"7":{"start":{"line":34,"column":12},"end":{"line":34,"column":65}},"8":{"start":{"line":37,"column":20},"end":{"line":37,"column":34}},"9":{"start":{"line":41,"column":8},"end":{"line":46,"column":9}},"10":{"start":{"line":42,"column":12},"end":{"line":42,"column":58}},"11":{"start":{"line":43,"column":12},"end":{"line":43,"column":45}},"12":{"start":{"line":45,"column":12},"end":{"line":45,"column":24}},"13":{"start":{"line":48,"column":8},"end":{"line":50,"column":9}},"14":{"start":{"line":49,"column":12},"end":{"line":49,"column":23}},"15":{"start":{"line":51,"column":8},"end":{"line":51,"column":22}},"16":{"start":{"line":60,"column":8},"end":{"line":62,"column":9}},"17":{"start":{"line":61,"column":12},"end":{"line":61,"column":47}},"18":{"start":{"line":64,"column":8},"end":{"line":73,"column":9}},"19":{"start":{"line":65,"column":12},"end":{"line":72,"column":18}},"20":{"start":{"line":75,"column":24},"end":{"line":75,"column":42}},"21":{"start":{"line":78,"column":3},"end":{"line":93,"column":9}}},"fnMap":{"0":{"name":"(anonymous_0)","decl":{"start":{"line":5,"column":4},"end":{"line":5,"column":5}},"loc":{"start":{"line":5,"column":23},"end":{"line":12,"column":5}},"line":5},"1":{"name":"(anonymous_1)","decl":{"start":{"line":18,"column":24},"end":{"line":18,"column":25}},"loc":{"start":{"line":18,"column":37},"end":{"line":30,"column":5}},"line":18},"2":{"name":"(anonymous_2)","decl":{"start":{"line":32,"column":23},"end":{"line":32,"column":24}},"loc":{"start":{"line":32,"column":48},"end":{"line":52,"column":5}},"line":32},"3":{"name":"(anonymous_3)","decl":{"start":{"line":59,"column":4},"end":{"line":59,"column":5}},"loc":{"start":{"line":59,"column":13},"end":{"line":94,"column":5}},"line":59}},"branchMap":{"0":{"loc":{"start":{"line":22,"column":12},"end":{"line":28,"column":17}},"type":"cond-expr","locations":[{"start":{"line":23,"column":14},"end":{"line":23,"column":56}},{"start":{"line":24,"column":14},"end":{"line":28,"column":17}}],"line":22},"1":{"loc":{"start":{"line":33,"column":8},"end":{"line":35,"column":9}},"type":"if","locations":[{"start":{"line":33,"column":8},"end":{"line":35,"column":9}},{"start":{"line":33,"column":8},"end":{"line":35,"column":9}}],"line":33},"2":{"loc":{"start":{"line":48,"column":8},"end":{"line":50,"column":9}},"type":"if","locations":[{"start":{"line":48,"column":8},"end":{"line":50,"column":9}},{"start":{"line":48,"column":8},"end":{"line":50,"column":9}}],"line":48},"3":{"loc":{"start":{"line":60,"column":8},"end":{"line":62,"column":9}},"type":"if","locations":[{"start":{"line":60,"column":8},"end":{"line":62,"column":9}},{"start":{"line":60,"column":8},"end":{"line":62,"column":9}}],"line":60},"4":{"loc":{"start":{"line":64,"column":8},"end":{"line":73,"column":9}},"type":"if","locations":[{"start":{"line":64,"column":8},"end":{"line":73,"column":9}},{"start":{"line":64,"column":8},"end":{"line":73,"column":9}}],"line":64}},"s":{"0":0,"1":0,"2":0,"3":0,"4":0,"5":0,"6":0,"7":0,"8":0,"9":0,"10":0,"11":0,"12":0,"13":0,"14":0,"15":0,"16":0,"17":0,"18":0,"19":0,"20":0,"21":0},"f":{"0":0,"1":0,"2":0,"3":0},"b":{"0":[0,0],"1":[0,0],"2":[0,0],"3":[0,0],"4":[0,0]},"hash":"0d9aae67c7f9b49ce42763008c7727eeeecafb84"}
,"C:\\Users\\Daniel\\WebstormProjects\\exam_371\\src\\client\\pokemonList.jsx": {"path":"C:\\Users\\Daniel\\WebstormProjects\\exam_371\\src\\client\\pokemonList.jsx","statementMap":{"0":{"start":{"line":6,"column":8},"end":{"line":6,"column":21}},"1":{"start":{"line":8,"column":8},"end":{"line":12,"column":9}},"2":{"start":{"line":16,"column":8},"end":{"line":16,"column":27}},"3":{"start":{"line":19,"column":18},"end":{"line":29,"column":5}},"4":{"start":{"line":20,"column":24},"end":{"line":20,"column":47}},"5":{"start":{"line":22,"column":8},"end":{"line":28,"column":9}},"6":{"start":{"line":31,"column":17},"end":{"line":48,"column":5}},"7":{"start":{"line":33,"column":20},"end":{"line":33,"column":34}},"8":{"start":{"line":37,"column":8},"end":{"line":42,"column":9}},"9":{"start":{"line":38,"column":12},"end":{"line":38,"column":58}},"10":{"start":{"line":39,"column":12},"end":{"line":39,"column":44}},"11":{"start":{"line":41,"column":12},"end":{"line":41,"column":23}},"12":{"start":{"line":44,"column":8},"end":{"line":46,"column":9}},"13":{"start":{"line":45,"column":12},"end":{"line":45,"column":23}},"14":{"start":{"line":47,"column":8},"end":{"line":47,"column":22}},"15":{"start":{"line":52,"column":8},"end":{"line":54,"column":9}},"16":{"start":{"line":53,"column":12},"end":{"line":53,"column":47}},"17":{"start":{"line":56,"column":8},"end":{"line":58,"column":9}},"18":{"start":{"line":57,"column":12},"end":{"line":57,"column":37}},"19":{"start":{"line":60,"column":24},"end":{"line":60,"column":42}},"20":{"start":{"line":62,"column":8},"end":{"line":114,"column":5}}},"fnMap":{"0":{"name":"(anonymous_0)","decl":{"start":{"line":5,"column":4},"end":{"line":5,"column":5}},"loc":{"start":{"line":5,"column":23},"end":{"line":13,"column":5}},"line":5},"1":{"name":"(anonymous_1)","decl":{"start":{"line":15,"column":4},"end":{"line":15,"column":5}},"loc":{"start":{"line":15,"column":24},"end":{"line":17,"column":5}},"line":15},"2":{"name":"(anonymous_2)","decl":{"start":{"line":19,"column":18},"end":{"line":19,"column":19}},"loc":{"start":{"line":19,"column":30},"end":{"line":29,"column":5}},"line":19},"3":{"name":"(anonymous_3)","decl":{"start":{"line":31,"column":17},"end":{"line":31,"column":18}},"loc":{"start":{"line":31,"column":29},"end":{"line":48,"column":5}},"line":31},"4":{"name":"(anonymous_4)","decl":{"start":{"line":51,"column":4},"end":{"line":51,"column":5}},"loc":{"start":{"line":51,"column":13},"end":{"line":115,"column":5}},"line":51}},"branchMap":{"0":{"loc":{"start":{"line":23,"column":12},"end":{"line":27,"column":17}},"type":"cond-expr","locations":[{"start":{"line":23,"column":23},"end":{"line":23,"column":65}},{"start":{"line":24,"column":14},"end":{"line":27,"column":17}}],"line":23},"1":{"loc":{"start":{"line":44,"column":8},"end":{"line":46,"column":9}},"type":"if","locations":[{"start":{"line":44,"column":8},"end":{"line":46,"column":9}},{"start":{"line":44,"column":8},"end":{"line":46,"column":9}}],"line":44},"2":{"loc":{"start":{"line":52,"column":8},"end":{"line":54,"column":9}},"type":"if","locations":[{"start":{"line":52,"column":8},"end":{"line":54,"column":9}},{"start":{"line":52,"column":8},"end":{"line":54,"column":9}}],"line":52},"3":{"loc":{"start":{"line":56,"column":8},"end":{"line":58,"column":9}},"type":"if","locations":[{"start":{"line":56,"column":8},"end":{"line":58,"column":9}},{"start":{"line":56,"column":8},"end":{"line":58,"column":9}}],"line":56}},"s":{"0":1,"1":1,"2":1,"3":1,"4":1,"5":1,"6":1,"7":1,"8":1,"9":1,"10":1,"11":0,"12":1,"13":0,"14":1,"15":2,"16":0,"17":2,"18":1,"19":1,"20":1},"f":{"0":1,"1":1,"2":1,"3":1,"4":2},"b":{"0":[0,1],"1":[0,1],"2":[0,2],"3":[1,1]},"_coverageSchema":"43e27e138ebf9cfc5966b082cf9a028302ed4184","hash":"16b6a146ee441ff8a1c06c194146470e51c429c8"}
,"C:\\Users\\Daniel\\WebstormProjects\\exam_371\\src\\server\\app.js": {"path":"C:\\Users\\Daniel\\WebstormProjects\\exam_371\\src\\server\\app.js","statementMap":{"0":{"start":{"line":1,"column":16},"end":{"line":1,"column":34}},"1":{"start":{"line":2,"column":19},"end":{"line":2,"column":41}},"2":{"start":{"line":3,"column":13},"end":{"line":3,"column":28}},"3":{"start":{"line":5,"column":19},"end":{"line":5,"column":50}},"4":{"start":{"line":7,"column":12},"end":{"line":7,"column":21}},"5":{"start":{"line":12,"column":0},"end":{"line":12,"column":27}},"6":{"start":{"line":15,"column":0},"end":{"line":15,"column":28}},"7":{"start":{"line":18,"column":0},"end":{"line":20,"column":3}},"8":{"start":{"line":19,"column":4},"end":{"line":19,"column":26}},"9":{"start":{"line":23,"column":0},"end":{"line":23,"column":34}},"10":{"start":{"line":25,"column":0},"end":{"line":27,"column":3}},"11":{"start":{"line":26,"column":4},"end":{"line":26,"column":78}},"12":{"start":{"line":29,"column":0},"end":{"line":29,"column":20}}},"fnMap":{"0":{"name":"(anonymous_0)","decl":{"start":{"line":18,"column":16},"end":{"line":18,"column":17}},"loc":{"start":{"line":18,"column":29},"end":{"line":20,"column":1}},"line":18},"1":{"name":"(anonymous_1)","decl":{"start":{"line":25,"column":8},"end":{"line":25,"column":9}},"loc":{"start":{"line":25,"column":28},"end":{"line":27,"column":1}},"line":25}},"branchMap":{},"s":{"0":2,"1":2,"2":2,"3":2,"4":2,"5":2,"6":2,"7":2,"8":0,"9":2,"10":2,"11":0,"12":2},"f":{"0":0,"1":0},"b":{},"_coverageSchema":"43e27e138ebf9cfc5966b082cf9a028302ed4184","hash":"5e6b08013b64c2afb2cc0dc2e6c6b444e7654c08"}
,"C:\\Users\\Daniel\\WebstormProjects\\exam_371\\src\\server\\server.js": {"path":"C:\\Users\\Daniel\\WebstormProjects\\exam_371\\src\\server\\server.js","statementMap":{"0":{"start":{"line":1,"column":12},"end":{"line":1,"column":28}},"1":{"start":{"line":3,"column":15},"end":{"line":3,"column":42}},"2":{"start":{"line":5,"column":13},"end":{"line":5,"column":37}},"3":{"start":{"line":7,"column":0},"end":{"line":9,"column":3}},"4":{"start":{"line":8,"column":3},"end":{"line":8,"column":49}}},"fnMap":{"0":{"name":"(anonymous_0)","decl":{"start":{"line":7,"column":17},"end":{"line":7,"column":18}},"loc":{"start":{"line":7,"column":23},"end":{"line":9,"column":1}},"line":7}},"branchMap":{"0":{"loc":{"start":{"line":5,"column":13},"end":{"line":5,"column":37}},"type":"binary-expr","locations":[{"start":{"line":5,"column":13},"end":{"line":5,"column":29}},{"start":{"line":5,"column":33},"end":{"line":5,"column":37}}],"line":5}},"s":{"0":0,"1":0,"2":0,"3":0,"4":0},"f":{"0":0},"b":{"0":[0,0]},"hash":"9bf5082bbe9ea01bb3a01dd6bdf344b8659ce610"}
,"C:\\Users\\Daniel\\WebstormProjects\\exam_371\\src\\server\\db\\pokemon.js": {"path":"C:\\Users\\Daniel\\WebstormProjects\\exam_371\\src\\server\\db\\pokemon.js","statementMap":{"0":{"start":{"line":2,"column":19},"end":{"line":103,"column":1}},"1":{"start":{"line":107,"column":4},"end":{"line":109,"column":5}},"2":{"start":{"line":108,"column":8},"end":{"line":108,"column":72}},"3":{"start":{"line":111,"column":4},"end":{"line":113,"column":5}},"4":{"start":{"line":112,"column":8},"end":{"line":112,"column":33}},"5":{"start":{"line":115,"column":22},"end":{"line":115,"column":44}},"6":{"start":{"line":116,"column":12},"end":{"line":116,"column":13}},"7":{"start":{"line":118,"column":4},"end":{"line":126,"column":5}},"8":{"start":{"line":119,"column":18},"end":{"line":119,"column":60}},"9":{"start":{"line":120,"column":8},"end":{"line":122,"column":9}},"10":{"start":{"line":121,"column":12},"end":{"line":121,"column":21}},"11":{"start":{"line":124,"column":8},"end":{"line":124,"column":25}},"12":{"start":{"line":125,"column":8},"end":{"line":125,"column":12}},"13":{"start":{"line":128,"column":4},"end":{"line":128,"column":54}},"14":{"start":{"line":128,"column":42},"end":{"line":128,"column":52}},"15":{"start":{"line":133,"column":18},"end":{"line":133,"column":20}},"16":{"start":{"line":134,"column":15},"end":{"line":134,"column":22}},"17":{"start":{"line":135,"column":4},"end":{"line":135,"column":14}},"18":{"start":{"line":137,"column":20},"end":{"line":141,"column":5}},"19":{"start":{"line":142,"column":4},"end":{"line":142,"column":26}},"20":{"start":{"line":143,"column":4},"end":{"line":143,"column":16}},"21":{"start":{"line":149,"column":4},"end":{"line":149,"column":33}},"22":{"start":{"line":153,"column":4},"end":{"line":153,"column":27}},"23":{"start":{"line":157,"column":4},"end":{"line":157,"column":40}},"24":{"start":{"line":161,"column":4},"end":{"line":163,"column":5}},"25":{"start":{"line":162,"column":8},"end":{"line":162,"column":21}},"26":{"start":{"line":164,"column":4},"end":{"line":164,"column":37}},"27":{"start":{"line":165,"column":4},"end":{"line":165,"column":37}},"28":{"start":{"line":170,"column":0},"end":{"line":170,"column":119}}},"fnMap":{"0":{"name":"getRandomPokemon","decl":{"start":{"line":106,"column":9},"end":{"line":106,"column":25}},"loc":{"start":{"line":106,"column":43},"end":{"line":130,"column":1}},"line":106},"1":{"name":"(anonymous_1)","decl":{"start":{"line":128,"column":37},"end":{"line":128,"column":38}},"loc":{"start":{"line":128,"column":42},"end":{"line":128,"column":52}},"line":128},"2":{"name":"createNewPokemon","decl":{"start":{"line":132,"column":9},"end":{"line":132,"column":25}},"loc":{"start":{"line":132,"column":37},"end":{"line":144,"column":1}},"line":132},"3":{"name":"deletePokemon","decl":{"start":{"line":148,"column":9},"end":{"line":148,"column":22}},"loc":{"start":{"line":148,"column":26},"end":{"line":150,"column":1}},"line":148},"4":{"name":"getPokemon","decl":{"start":{"line":152,"column":9},"end":{"line":152,"column":19}},"loc":{"start":{"line":152,"column":28},"end":{"line":154,"column":1}},"line":152},"5":{"name":"getAllPokemon","decl":{"start":{"line":156,"column":9},"end":{"line":156,"column":22}},"loc":{"start":{"line":156,"column":24},"end":{"line":158,"column":1}},"line":156},"6":{"name":"updatePokemon","decl":{"start":{"line":160,"column":9},"end":{"line":160,"column":22}},"loc":{"start":{"line":160,"column":37},"end":{"line":167,"column":4}},"line":160}},"branchMap":{"0":{"loc":{"start":{"line":107,"column":4},"end":{"line":109,"column":5}},"type":"if","locations":[{"start":{"line":107,"column":4},"end":{"line":109,"column":5}},{"start":{"line":107,"column":4},"end":{"line":109,"column":5}}],"line":107},"1":{"loc":{"start":{"line":111,"column":4},"end":{"line":113,"column":5}},"type":"if","locations":[{"start":{"line":111,"column":4},"end":{"line":113,"column":5}},{"start":{"line":111,"column":4},"end":{"line":113,"column":5}}],"line":111},"2":{"loc":{"start":{"line":120,"column":8},"end":{"line":122,"column":9}},"type":"if","locations":[{"start":{"line":120,"column":8},"end":{"line":122,"column":9}},{"start":{"line":120,"column":8},"end":{"line":122,"column":9}}],"line":120},"3":{"loc":{"start":{"line":161,"column":4},"end":{"line":163,"column":5}},"type":"if","locations":[{"start":{"line":161,"column":4},"end":{"line":163,"column":5}},{"start":{"line":161,"column":4},"end":{"line":163,"column":5}}],"line":161}},"s":{"0":3,"1":104,"2":2,"3":102,"4":1,"5":101,"6":101,"7":101,"8":212,"9":212,"10":11,"11":201,"12":201,"13":101,"14":201,"15":0,"16":0,"17":0,"18":0,"19":0,"20":0,"21":2,"22":20,"23":4,"24":0,"25":0,"26":0,"27":0,"28":3},"f":{"0":104,"1":201,"2":0,"3":2,"4":20,"5":4,"6":0},"b":{"0":[2,102],"1":[1,101],"2":[11,201],"3":[0,0]},"_coverageSchema":"43e27e138ebf9cfc5966b082cf9a028302ed4184","hash":"6054e42be8acf2616c949b1610be11c670ebcd0e"}
,"C:\\Users\\Daniel\\WebstormProjects\\exam_371\\src\\server\\routes\\pokemon-api.js": {"path":"C:\\Users\\Daniel\\WebstormProjects\\exam_371\\src\\server\\routes\\pokemon-api.js","statementMap":{"0":{"start":{"line":1,"column":16},"end":{"line":1,"column":34}},"1":{"start":{"line":2,"column":18},"end":{"line":2,"column":42}},"2":{"start":{"line":3,"column":27},"end":{"line":3,"column":51}},"3":{"start":{"line":4,"column":24},"end":{"line":4,"column":48}},"4":{"start":{"line":5,"column":21},"end":{"line":5,"column":45}},"5":{"start":{"line":6,"column":24},"end":{"line":6,"column":48}},"6":{"start":{"line":7,"column":27},"end":{"line":7,"column":51}},"7":{"start":{"line":8,"column":24},"end":{"line":8,"column":48}},"8":{"start":{"line":11,"column":15},"end":{"line":11,"column":31}},"9":{"start":{"line":13,"column":0},"end":{"line":18,"column":3}},"10":{"start":{"line":15,"column":20},"end":{"line":15,"column":27}},"11":{"start":{"line":17,"column":4},"end":{"line":17,"column":34}},"12":{"start":{"line":20,"column":0},"end":{"line":25,"column":3}},"13":{"start":{"line":22,"column":20},"end":{"line":22,"column":39}},"14":{"start":{"line":24,"column":4},"end":{"line":24,"column":33}},"15":{"start":{"line":27,"column":0},"end":{"line":36,"column":3}},"16":{"start":{"line":29,"column":20},"end":{"line":29,"column":48}},"17":{"start":{"line":30,"column":8},"end":{"line":34,"column":9}},"18":{"start":{"line":31,"column":12},"end":{"line":31,"column":28}},"19":{"start":{"line":33,"column":12},"end":{"line":33,"column":28}},"20":{"start":{"line":35,"column":8},"end":{"line":35,"column":22}},"21":{"start":{"line":38,"column":0},"end":{"line":47,"column":3}},"22":{"start":{"line":40,"column":16},"end":{"line":40,"column":24}},"23":{"start":{"line":42,"column":15},"end":{"line":42,"column":53}},"24":{"start":{"line":44,"column":4},"end":{"line":44,"column":20}},"25":{"start":{"line":45,"column":4},"end":{"line":45,"column":49}},"26":{"start":{"line":46,"column":4},"end":{"line":46,"column":14}},"27":{"start":{"line":49,"column":0},"end":{"line":58,"column":3}},"28":{"start":{"line":51,"column":20},"end":{"line":51,"column":48}},"29":{"start":{"line":52,"column":4},"end":{"line":56,"column":5}},"30":{"start":{"line":53,"column":8},"end":{"line":53,"column":24}},"31":{"start":{"line":55,"column":8},"end":{"line":55,"column":23}},"32":{"start":{"line":57,"column":4},"end":{"line":57,"column":15}},"33":{"start":{"line":60,"column":0},"end":{"line":70,"column":3}},"34":{"start":{"line":62,"column":20},"end":{"line":62,"column":48}},"35":{"start":{"line":64,"column":4},"end":{"line":69,"column":5}},"36":{"start":{"line":65,"column":8},"end":{"line":65,"column":24}},"37":{"start":{"line":66,"column":8},"end":{"line":66,"column":18}},"38":{"start":{"line":68,"column":8},"end":{"line":68,"column":25}},"39":{"start":{"line":72,"column":0},"end":{"line":74,"column":3}},"40":{"start":{"line":73,"column":4},"end":{"line":73,"column":30}},"41":{"start":{"line":76,"column":0},"end":{"line":90,"column":3}},"42":{"start":{"line":77,"column":3},"end":{"line":81,"column":4}},"43":{"start":{"line":78,"column":7},"end":{"line":78,"column":23}},"44":{"start":{"line":79,"column":7},"end":{"line":79,"column":17}},"45":{"start":{"line":80,"column":7},"end":{"line":80,"column":14}},"46":{"start":{"line":83,"column":19},"end":{"line":83,"column":42}},"47":{"start":{"line":84,"column":3},"end":{"line":88,"column":4}},"48":{"start":{"line":85,"column":7},"end":{"line":85,"column":23}},"49":{"start":{"line":87,"column":7},"end":{"line":87,"column":23}},"50":{"start":{"line":89,"column":3},"end":{"line":89,"column":14}},"51":{"start":{"line":93,"column":0},"end":{"line":93,"column":24}}},"fnMap":{"0":{"name":"(anonymous_0)","decl":{"start":{"line":13,"column":24},"end":{"line":13,"column":25}},"loc":{"start":{"line":13,"column":38},"end":{"line":18,"column":1}},"line":13},"1":{"name":"(anonymous_1)","decl":{"start":{"line":20,"column":24},"end":{"line":20,"column":25}},"loc":{"start":{"line":20,"column":38},"end":{"line":25,"column":1}},"line":20},"2":{"name":"(anonymous_2)","decl":{"start":{"line":27,"column":30},"end":{"line":27,"column":31}},"loc":{"start":{"line":27,"column":44},"end":{"line":36,"column":1}},"line":27},"3":{"name":"(anonymous_3)","decl":{"start":{"line":38,"column":30},"end":{"line":38,"column":31}},"loc":{"start":{"line":38,"column":43},"end":{"line":47,"column":1}},"line":38},"4":{"name":"(anonymous_4)","decl":{"start":{"line":49,"column":30},"end":{"line":49,"column":31}},"loc":{"start":{"line":49,"column":43},"end":{"line":58,"column":1}},"line":49},"5":{"name":"(anonymous_5)","decl":{"start":{"line":60,"column":27},"end":{"line":60,"column":28}},"loc":{"start":{"line":60,"column":41},"end":{"line":70,"column":1}},"line":60},"6":{"name":"(anonymous_6)","decl":{"start":{"line":72,"column":23},"end":{"line":72,"column":24}},"loc":{"start":{"line":72,"column":37},"end":{"line":74,"column":1}},"line":72},"7":{"name":"(anonymous_7)","decl":{"start":{"line":76,"column":26},"end":{"line":76,"column":27}},"loc":{"start":{"line":76,"column":40},"end":{"line":90,"column":1}},"line":76}},"branchMap":{"0":{"loc":{"start":{"line":30,"column":8},"end":{"line":34,"column":9}},"type":"if","locations":[{"start":{"line":30,"column":8},"end":{"line":34,"column":9}},{"start":{"line":30,"column":8},"end":{"line":34,"column":9}}],"line":30},"1":{"loc":{"start":{"line":52,"column":4},"end":{"line":56,"column":5}},"type":"if","locations":[{"start":{"line":52,"column":4},"end":{"line":56,"column":5}},{"start":{"line":52,"column":4},"end":{"line":56,"column":5}}],"line":52},"2":{"loc":{"start":{"line":64,"column":4},"end":{"line":69,"column":5}},"type":"if","locations":[{"start":{"line":64,"column":4},"end":{"line":69,"column":5}},{"start":{"line":64,"column":4},"end":{"line":69,"column":5}}],"line":64},"3":{"loc":{"start":{"line":77,"column":3},"end":{"line":81,"column":4}},"type":"if","locations":[{"start":{"line":77,"column":3},"end":{"line":81,"column":4}},{"start":{"line":77,"column":3},"end":{"line":81,"column":4}}],"line":77},"4":{"loc":{"start":{"line":84,"column":3},"end":{"line":88,"column":4}},"type":"if","locations":[{"start":{"line":84,"column":3},"end":{"line":88,"column":4}},{"start":{"line":84,"column":3},"end":{"line":88,"column":4}}],"line":84}},"s":{"0":2,"1":2,"2":2,"3":2,"4":2,"5":2,"6":2,"7":2,"8":2,"9":2,"10":2,"11":2,"12":2,"13":0,"14":0,"15":2,"16":2,"17":2,"18":2,"19":0,"20":2,"21":2,"22":0,"23":0,"24":0,"25":0,"26":0,"27":2,"28":0,"29":0,"30":0,"31":0,"32":0,"33":2,"34":20,"35":20,"36":0,"37":0,"38":20,"39":2,"40":4,"41":2,"42":0,"43":0,"44":0,"45":0,"46":0,"47":0,"48":0,"49":0,"50":0,"51":2},"f":{"0":2,"1":0,"2":2,"3":0,"4":0,"5":20,"6":4,"7":0},"b":{"0":[2,0],"1":[0,0],"2":[0,20],"3":[0,0],"4":[0,0]},"_coverageSchema":"43e27e138ebf9cfc5966b082cf9a028302ed4184","hash":"584a28dea111ed7bc95707a581c08d2fbccc19f4"}
}
