TN:
SF:C:\Users\Daniel\WebstormProjects\exam_371\src\client\collection.jsx
FN:6,(anonymous_0)
FN:10,(anonymous_1)
FNF:2
FNH:0
FNDA:0,(anonymous_0)
FNDA:0,(anonymous_1)
DA:7,0
DA:11,0
LF:2
LH:0
BRF:0
BRH:0
end_of_record
TN:
SF:C:\Users\Daniel\WebstormProjects\exam_371\src\client\headerbar.jsx
FN:9,(anonymous_0)
FN:13,(anonymous_1)
FN:34,(anonymous_2)
FN:48,(anonymous_3)
FN:64,(anonymous_4)
FNF:5
FNH:0
FNDA:0,(anonymous_0)
FNDA:0,(anonymous_1)
FNDA:0,(anonymous_2)
FNDA:0,(anonymous_3)
FNDA:0,(anonymous_4)
DA:10,0
DA:13,0
DA:14,0
DA:18,0
DA:19,0
DA:21,0
DA:22,0
DA:25,0
DA:26,0
DA:27,0
DA:30,0
DA:31,0
DA:35,0
DA:49,0
DA:65,0
DA:68,0
DA:69,0
DA:71,0
DA:74,0
LF:19
LH:0
BRDA:25,0,0,0
BRDA:25,0,1,0
BRDA:68,1,0,0
BRDA:68,1,1,0
BRF:4
BRH:0
end_of_record
TN:
SF:C:\Users\Daniel\WebstormProjects\exam_371\src\client\home.jsx
FN:5,(anonymous_0)
FN:9,(anonymous_1)
FN:15,(anonymous_2)
FNF:3
FNH:3
FNDA:1,(anonymous_0)
FNDA:1,(anonymous_1)
FNDA:1,(anonymous_2)
DA:6,1
DA:10,1
DA:11,0
DA:16,1
DA:17,1
DA:19,1
LF:6
LH:5
BRDA:10,0,0,0
BRDA:10,0,1,1
BRDA:17,1,0,1
BRDA:17,1,1,1
BRDA:31,2,0,0
BRDA:31,2,1,1
BRF:6
BRH:4
end_of_record
TN:
SF:C:\Users\Daniel\WebstormProjects\exam_371\src\client\index.jsx
FN:17,(anonymous_0)
FN:44,(anonymous_1)
FN:49,(anonymous_2)
FN:78,(anonymous_3)
FN:83,(anonymous_4)
FN:95,(anonymous_5)
FN:112,(anonymous_6)
FN:118,(anonymous_7)
FN:124,(anonymous_8)
FN:127,(anonymous_9)
FN:130,(anonymous_10)
FN:134,(anonymous_11)
FNF:12
FNH:0
FNDA:0,(anonymous_0)
FNDA:0,(anonymous_1)
FNDA:0,(anonymous_2)
FNDA:0,(anonymous_3)
FNDA:0,(anonymous_4)
FNDA:0,(anonymous_5)
FNDA:0,(anonymous_6)
FNDA:0,(anonymous_7)
FNDA:0,(anonymous_8)
FNDA:0,(anonymous_9)
FNDA:0,(anonymous_10)
FNDA:0,(anonymous_11)
DA:18,0
DA:27,0
DA:45,0
DA:49,0
DA:51,0
DA:55,0
DA:56,0
DA:60,0
DA:61,0
DA:64,0
DA:66,0
DA:67,0
DA:70,0
DA:73,0
DA:74,0
DA:78,0
DA:79,0
DA:84,0
DA:103,0
DA:105,0
DA:112,0
DA:118,0
DA:124,0
DA:127,0
DA:130,0
DA:134,0
DA:145,0
LF:27
LH:0
BRDA:64,0,0,0
BRDA:64,0,1,0
BRDA:70,1,0,0
BRDA:70,1,1,0
BRDA:103,2,0,0
BRDA:103,2,1,0
BRF:6
BRH:0
end_of_record
TN:
SF:C:\Users\Daniel\WebstormProjects\exam_371\src\client\login.jsx
FN:5,(anonymous_0)
FN:15,(anonymous_1)
FN:19,(anonymous_2)
FN:23,(anonymous_3)
FN:63,(anonymous_4)
FNF:5
FNH:0
FNDA:0,(anonymous_0)
FNDA:0,(anonymous_1)
FNDA:0,(anonymous_2)
FNDA:0,(anonymous_3)
FNDA:0,(anonymous_4)
DA:6,0
DA:8,0
DA:15,0
DA:16,0
DA:19,0
DA:20,0
DA:23,0
DA:24,0
DA:26,0
DA:28,0
DA:32,0
DA:33,0
DA:41,0
DA:42,0
DA:45,0
DA:46,0
DA:47,0
DA:50,0
DA:51,0
DA:55,0
DA:58,0
DA:59,0
DA:60,0
DA:64,0
DA:65,0
DA:66,0
DA:73,0
LF:27
LH:0
BRDA:45,0,0,0
BRDA:45,0,1,0
BRDA:50,1,0,0
BRDA:50,1,1,0
BRDA:65,2,0,0
BRDA:65,2,1,0
BRF:6
BRH:0
end_of_record
TN:
SF:C:\Users\Daniel\WebstormProjects\exam_371\src\client\lootboxGame.jsx
FN:5,(anonymous_0)
FN:18,(anonymous_1)
FN:32,(anonymous_2)
FN:59,(anonymous_3)
FNF:4
FNH:0
FNDA:0,(anonymous_0)
FNDA:0,(anonymous_1)
FNDA:0,(anonymous_2)
FNDA:0,(anonymous_3)
DA:6,0
DA:8,0
DA:18,0
DA:19,0
DA:21,0
DA:32,0
DA:33,0
DA:34,0
DA:37,0
DA:41,0
DA:42,0
DA:43,0
DA:45,0
DA:48,0
DA:49,0
DA:51,0
DA:60,0
DA:61,0
DA:64,0
DA:65,0
DA:75,0
DA:78,0
LF:22
LH:0
BRDA:22,0,0,0
BRDA:22,0,1,0
BRDA:33,1,0,0
BRDA:33,1,1,0
BRDA:48,2,0,0
BRDA:48,2,1,0
BRDA:60,3,0,0
BRDA:60,3,1,0
BRDA:64,4,0,0
BRDA:64,4,1,0
BRF:10
BRH:0
end_of_record
TN:
SF:C:\Users\Daniel\WebstormProjects\exam_371\src\client\pokemonList.jsx
FN:5,(anonymous_0)
FN:15,(anonymous_1)
FN:19,(anonymous_2)
FN:31,(anonymous_3)
FN:51,(anonymous_4)
FNF:5
FNH:5
FNDA:1,(anonymous_0)
FNDA:1,(anonymous_1)
FNDA:1,(anonymous_2)
FNDA:1,(anonymous_3)
FNDA:2,(anonymous_4)
DA:6,1
DA:8,1
DA:16,1
DA:19,1
DA:20,1
DA:22,1
DA:31,1
DA:33,1
DA:37,1
DA:38,1
DA:39,1
DA:41,0
DA:44,1
DA:45,0
DA:47,1
DA:52,2
DA:53,0
DA:56,2
DA:57,1
DA:60,1
DA:62,1
LF:21
LH:18
BRDA:23,0,0,0
BRDA:23,0,1,1
BRDA:44,1,0,0
BRDA:44,1,1,1
BRDA:52,2,0,0
BRDA:52,2,1,2
BRDA:56,3,0,1
BRDA:56,3,1,1
BRF:8
BRH:5
end_of_record
TN:
SF:C:\Users\Daniel\WebstormProjects\exam_371\src\client\signup.jsx
FN:5,(anonymous_0)
FN:16,(anonymous_1)
FN:20,(anonymous_2)
FN:24,(anonymous_3)
FN:28,(anonymous_4)
FN:73,(anonymous_5)
FNF:6
FNH:0
FNDA:0,(anonymous_0)
FNDA:0,(anonymous_1)
FNDA:0,(anonymous_2)
FNDA:0,(anonymous_3)
FNDA:0,(anonymous_4)
FNDA:0,(anonymous_5)
DA:6,0
DA:8,0
DA:16,0
DA:17,0
DA:20,0
DA:21,0
DA:24,0
DA:25,0
DA:28,0
DA:29,0
DA:31,0
DA:32,0
DA:33,0
DA:36,0
DA:38,0
DA:42,0
DA:43,0
DA:51,0
DA:52,0
DA:55,0
DA:56,0
DA:57,0
DA:60,0
DA:61,0
DA:65,0
DA:68,0
DA:69,0
DA:70,0
DA:74,0
DA:75,0
DA:76,0
DA:83,0
DA:84,0
DA:85,0
DA:88,0
LF:35
LH:0
BRDA:31,0,0,0
BRDA:31,0,1,0
BRDA:55,1,0,0
BRDA:55,1,1,0
BRDA:60,2,0,0
BRDA:60,2,1,0
BRDA:75,3,0,0
BRDA:75,3,1,0
BRDA:84,4,0,0
BRDA:84,4,1,0
BRF:10
BRH:0
end_of_record
TN:
SF:C:\Users\Daniel\WebstormProjects\exam_371\src\server\app.js
FN:21,(anonymous_0)
FN:36,(anonymous_1)
FN:49,(anonymous_2)
FN:53,(anonymous_3)
FN:74,(anonymous_4)
FNF:5
FNH:3
FNDA:0,(anonymous_0)
FNDA:7,(anonymous_1)
FNDA:6,(anonymous_2)
FNDA:5,(anonymous_3)
FNDA:0,(anonymous_4)
DA:1,3
DA:2,3
DA:3,3
DA:4,3
DA:5,3
DA:6,3
DA:8,3
DA:9,3
DA:10,3
DA:12,3
DA:17,3
DA:21,3
DA:22,0
DA:25,3
DA:31,3
DA:38,7
DA:40,7
DA:41,1
DA:44,6
DA:45,6
DA:49,3
DA:50,6
DA:53,3
DA:55,5
DA:57,5
DA:58,5
DA:60,0
DA:64,3
DA:65,3
DA:68,3
DA:69,3
DA:72,3
DA:74,3
DA:75,0
DA:78,3
LF:35
LH:32
BRDA:40,0,0,1
BRDA:40,0,1,6
BRDA:57,1,0,5
BRDA:57,1,1,0
BRF:4
BRH:3
end_of_record
TN:
SF:C:\Users\Daniel\WebstormProjects\exam_371\src\server\server.js
FN:7,(anonymous_0)
FNF:1
FNH:0
FNDA:0,(anonymous_0)
DA:1,0
DA:3,0
DA:5,0
DA:7,0
DA:8,0
LF:5
LH:0
BRDA:5,0,0,0
BRDA:5,0,1,0
BRF:2
BRH:0
end_of_record
TN:
SF:C:\Users\Daniel\WebstormProjects\exam_371\src\server\db\pokemon.js
FN:106,getRandomPokemon
FN:128,(anonymous_1)
FN:134,deletePokemon
FN:138,getPokemon
FN:142,getAllPokemon
FN:146,updatePokemon
FNF:6
FNH:5
FNDA:104,getRandomPokemon
FNDA:201,(anonymous_1)
FNDA:2,deletePokemon
FNDA:20,getPokemon
FNDA:4,getAllPokemon
FNDA:0,updatePokemon
DA:2,4
DA:107,104
DA:108,2
DA:111,102
DA:112,1
DA:115,101
DA:116,101
DA:118,101
DA:119,208
DA:120,208
DA:121,7
DA:124,201
DA:125,201
DA:128,201
DA:135,2
DA:139,20
DA:143,4
DA:147,0
DA:148,0
DA:150,0
DA:151,0
DA:156,4
LF:22
LH:18
BRDA:107,0,0,2
BRDA:107,0,1,102
BRDA:111,1,0,1
BRDA:111,1,1,101
BRDA:120,2,0,7
BRDA:120,2,1,201
BRDA:147,3,0,0
BRDA:147,3,1,0
BRF:8
BRH:6
end_of_record
TN:
SF:C:\Users\Daniel\WebstormProjects\exam_371\src\server\db\users.js
FN:12,getUser
FN:17,verifyUser
FN:28,createUser
FN:45,resetAllUsers
FN:49,reportEndOfMatch
FNF:5
FNH:3
FNDA:22,getUser
FNDA:7,verifyUser
FNDA:4,createUser
FNDA:0,resetAllUsers
FNDA:0,reportEndOfMatch
DA:9,3
DA:14,22
DA:19,7
DA:21,7
DA:22,1
DA:25,6
DA:30,4
DA:31,0
DA:34,4
DA:41,4
DA:42,4
DA:46,0
DA:51,0
DA:52,0
DA:53,0
DA:56,0
DA:57,0
DA:59,0
DA:64,3
LF:19
LH:11
BRDA:21,0,0,1
BRDA:21,0,1,6
BRDA:30,1,0,0
BRDA:30,1,1,4
BRDA:52,2,0,0
BRDA:52,2,1,0
BRDA:56,3,0,0
BRDA:56,3,1,0
BRF:8
BRH:3
end_of_record
TN:
SF:C:\Users\Daniel\WebstormProjects\exam_371\src\server\routes\auth-api.js
FN:8,(anonymous_0)
FN:13,(anonymous_1)
FN:22,(anonymous_2)
FN:23,(anonymous_3)
FN:34,(anonymous_4)
FN:45,(anonymous_5)
FNF:6
FNH:6
FNDA:2,(anonymous_0)
FNDA:4,(anonymous_1)
FNDA:4,(anonymous_2)
FNDA:4,(anonymous_3)
FNDA:1,(anonymous_4)
FNDA:7,(anonymous_5)
DA:1,3
DA:2,3
DA:4,3
DA:6,3
DA:8,3
DA:10,2
DA:13,3
DA:15,4
DA:17,4
DA:18,0
DA:19,0
DA:22,4
DA:23,4
DA:24,4
DA:26,0
DA:28,4
DA:34,3
DA:36,1
DA:37,1
DA:45,3
DA:47,7
DA:48,3
DA:49,3
DA:52,4
DA:61,3
LF:25
LH:22
BRDA:17,0,0,0
BRDA:17,0,1,4
BRDA:24,1,0,0
BRDA:24,1,1,4
BRDA:47,2,0,3
BRDA:47,2,1,4
BRF:6
BRH:4
end_of_record
TN:
SF:C:\Users\Daniel\WebstormProjects\exam_371\src\server\routes\pokemon-api.js
FN:12,(anonymous_0)
FN:19,(anonymous_1)
FN:26,(anonymous_2)
FN:38,(anonymous_3)
FN:49,(anonymous_4)
FN:61,(anonymous_5)
FN:65,(anonymous_6)
FNF:7
FNH:4
FNDA:2,(anonymous_0)
FNDA:0,(anonymous_1)
FNDA:2,(anonymous_2)
FNDA:0,(anonymous_3)
FNDA:20,(anonymous_4)
FNDA:4,(anonymous_5)
FNDA:0,(anonymous_6)
DA:1,3
DA:2,3
DA:3,3
DA:4,3
DA:5,3
DA:6,3
DA:7,3
DA:10,3
DA:12,3
DA:14,2
DA:16,2
DA:19,3
DA:21,0
DA:23,0
DA:26,3
DA:28,2
DA:29,2
DA:30,2
DA:32,0
DA:34,2
DA:38,3
DA:40,0
DA:41,0
DA:42,0
DA:44,0
DA:46,0
DA:49,3
DA:51,20
DA:53,20
DA:54,0
DA:55,0
DA:57,20
DA:61,3
DA:62,4
DA:65,3
DA:66,0
DA:67,0
DA:68,0
DA:69,0
DA:72,0
DA:73,0
DA:74,0
DA:76,0
DA:78,0
DA:82,3
LF:45
LH:26
BRDA:29,0,0,2
BRDA:29,0,1,0
BRDA:41,1,0,0
BRDA:41,1,1,0
BRDA:53,2,0,0
BRDA:53,2,1,20
BRDA:66,3,0,0
BRDA:66,3,1,0
BRDA:73,4,0,0
BRDA:73,4,1,0
BRF:10
BRH:2
end_of_record
