TN:
SF:C:\Users\Daniel\WebstormProjects\exam_371\src\client\collection.jsx
FN:7,(anonymous_0)
FN:18,(anonymous_1)
FN:22,(anonymous_2)
FN:56,(anonymous_3)
FN:74,(anonymous_4)
FNF:5
FNH:0
FNDA:0,(anonymous_0)
FNDA:0,(anonymous_1)
FNDA:0,(anonymous_2)
FNDA:0,(anonymous_3)
FNDA:0,(anonymous_4)
DA:8,0
DA:10,0
DA:19,0
DA:24,0
DA:29,0
DA:30,0
DA:31,0
DA:34,0
DA:38,0
DA:41,0
DA:42,0
DA:47,0
DA:60,0
DA:61,0
DA:62,0
DA:63,0
DA:65,0
DA:75,0
DA:85,0
LF:19
LH:0
BRDA:41,0,0,0
BRDA:41,0,1,0
BRDA:60,1,0,0
BRDA:60,1,1,0
BRDA:62,2,0,0
BRDA:62,2,1,0
BRDA:62,3,0,0
BRDA:62,3,1,0
BRF:8
BRH:0
end_of_record
TN:
SF:C:\Users\Daniel\WebstormProjects\exam_371\src\client\headerbar.jsx
FN:12,(anonymous_0)
FN:16,(anonymous_1)
FN:37,(anonymous_2)
FN:51,(anonymous_3)
FN:67,(anonymous_4)
FNF:5
FNH:5
FNDA:3,(anonymous_0)
FNDA:1,(anonymous_1)
FNDA:2,(anonymous_2)
FNDA:1,(anonymous_3)
FNDA:3,(anonymous_4)
DA:13,3
DA:16,3
DA:17,1
DA:21,1
DA:22,1
DA:24,0
DA:25,0
DA:28,1
DA:29,0
DA:30,0
DA:33,1
DA:34,1
DA:38,2
DA:52,1
DA:68,3
DA:71,3
DA:72,1
DA:74,2
DA:77,3
LF:19
LH:15
BRDA:28,0,0,0
BRDA:28,0,1,1
BRDA:71,1,0,1
BRDA:71,1,1,2
BRF:4
BRH:3
end_of_record
TN:
SF:C:\Users\Daniel\WebstormProjects\exam_371\src\client\home.jsx
FN:5,(anonymous_0)
FN:9,(anonymous_1)
FN:15,(anonymous_2)
FNF:3
FNH:3
FNDA:2,(anonymous_0)
FNDA:2,(anonymous_1)
FNDA:2,(anonymous_2)
DA:6,2
DA:10,2
DA:11,1
DA:16,2
DA:17,2
DA:19,2
LF:6
LH:6
BRDA:10,0,0,1
BRDA:10,0,1,1
BRDA:17,1,0,2
BRDA:17,1,1,2
BRDA:31,2,0,1
BRDA:31,2,1,1
BRF:6
BRH:6
end_of_record
TN:
SF:C:\Users\Daniel\WebstormProjects\exam_371\src\client\index.jsx
FN:17,(anonymous_0)
FN:28,(anonymous_1)
FN:33,(anonymous_2)
FN:62,(anonymous_3)
FN:67,(anonymous_4)
FN:79,(anonymous_5)
FN:91,(anonymous_6)
FN:97,(anonymous_7)
FN:103,(anonymous_8)
FN:106,(anonymous_9)
FN:109,(anonymous_10)
FN:113,(anonymous_11)
FNF:12
FNH:0
FNDA:0,(anonymous_0)
FNDA:0,(anonymous_1)
FNDA:0,(anonymous_2)
FNDA:0,(anonymous_3)
FNDA:0,(anonymous_4)
FNDA:0,(anonymous_5)
FNDA:0,(anonymous_6)
FNDA:0,(anonymous_7)
FNDA:0,(anonymous_8)
FNDA:0,(anonymous_9)
FNDA:0,(anonymous_10)
FNDA:0,(anonymous_11)
DA:18,0
DA:22,0
DA:29,0
DA:33,0
DA:35,0
DA:39,0
DA:40,0
DA:44,0
DA:45,0
DA:48,0
DA:50,0
DA:51,0
DA:54,0
DA:57,0
DA:58,0
DA:62,0
DA:63,0
DA:68,0
DA:82,0
DA:84,0
DA:91,0
DA:97,0
DA:103,0
DA:106,0
DA:109,0
DA:113,0
DA:124,0
LF:27
LH:0
BRDA:48,0,0,0
BRDA:48,0,1,0
BRDA:54,1,0,0
BRDA:54,1,1,0
BRDA:82,2,0,0
BRDA:82,2,1,0
BRF:6
BRH:0
end_of_record
TN:
SF:C:\Users\Daniel\WebstormProjects\exam_371\src\client\login.jsx
FN:7,(anonymous_0)
FN:17,(anonymous_1)
FN:21,(anonymous_2)
FN:25,(anonymous_3)
FN:65,(anonymous_4)
FNF:5
FNH:5
FNDA:2,(anonymous_0)
FNDA:2,(anonymous_1)
FNDA:2,(anonymous_2)
FNDA:2,(anonymous_3)
FNDA:8,(anonymous_4)
DA:8,2
DA:10,2
DA:17,2
DA:18,2
DA:21,2
DA:22,2
DA:25,2
DA:26,2
DA:28,2
DA:30,2
DA:34,2
DA:35,2
DA:43,0
DA:44,0
DA:47,2
DA:48,1
DA:49,1
DA:52,1
DA:53,0
DA:57,0
DA:60,1
DA:61,1
DA:62,1
DA:66,8
DA:67,8
DA:68,1
DA:75,8
LF:27
LH:23
BRDA:47,0,0,1
BRDA:47,0,1,1
BRDA:52,1,0,0
BRDA:52,1,1,1
BRDA:67,2,0,1
BRDA:67,2,1,7
BRF:6
BRH:5
end_of_record
TN:
SF:C:\Users\Daniel\WebstormProjects\exam_371\src\client\lootboxGame.jsx
FN:5,(anonymous_0)
FN:18,(anonymous_1)
FN:32,(anonymous_2)
FN:57,(anonymous_3)
FNF:4
FNH:0
FNDA:0,(anonymous_0)
FNDA:0,(anonymous_1)
FNDA:0,(anonymous_2)
FNDA:0,(anonymous_3)
DA:6,0
DA:8,0
DA:18,0
DA:19,0
DA:21,0
DA:32,0
DA:33,0
DA:34,0
DA:37,0
DA:41,0
DA:42,0
DA:43,0
DA:45,0
DA:48,0
DA:49,0
DA:51,0
DA:58,0
DA:59,0
DA:62,0
DA:63,0
DA:73,0
DA:76,0
LF:22
LH:0
BRDA:22,0,0,0
BRDA:22,0,1,0
BRDA:33,1,0,0
BRDA:33,1,1,0
BRDA:48,2,0,0
BRDA:48,2,1,0
BRDA:58,3,0,0
BRDA:58,3,1,0
BRDA:62,4,0,0
BRDA:62,4,1,0
BRF:10
BRH:0
end_of_record
TN:
SF:C:\Users\Daniel\WebstormProjects\exam_371\src\client\pokemonList.jsx
FN:5,(anonymous_0)
FN:15,(anonymous_1)
FN:19,(anonymous_2)
FN:31,(anonymous_3)
FN:51,(anonymous_4)
FNF:5
FNH:5
FNDA:1,(anonymous_0)
FNDA:1,(anonymous_1)
FNDA:1,(anonymous_2)
FNDA:1,(anonymous_3)
FNDA:2,(anonymous_4)
DA:6,1
DA:8,1
DA:16,1
DA:19,1
DA:20,1
DA:22,1
DA:31,1
DA:33,1
DA:37,1
DA:38,1
DA:39,1
DA:41,0
DA:44,1
DA:45,0
DA:47,1
DA:52,2
DA:53,0
DA:56,2
DA:57,1
DA:60,1
DA:62,1
LF:21
LH:18
BRDA:23,0,0,0
BRDA:23,0,1,1
BRDA:44,1,0,0
BRDA:44,1,1,1
BRDA:52,2,0,0
BRDA:52,2,1,2
BRDA:56,3,0,1
BRDA:56,3,1,1
BRF:8
BRH:5
end_of_record
TN:
SF:C:\Users\Daniel\WebstormProjects\exam_371\src\client\signup.jsx
FN:7,(anonymous_0)
FN:18,(anonymous_1)
FN:22,(anonymous_2)
FN:26,(anonymous_3)
FN:30,(anonymous_4)
FN:75,(anonymous_5)
FNF:6
FNH:6
FNDA:3,(anonymous_0)
FNDA:3,(anonymous_1)
FNDA:3,(anonymous_2)
FNDA:3,(anonymous_3)
FNDA:3,(anonymous_4)
FNDA:15,(anonymous_5)
DA:8,3
DA:10,3
DA:18,3
DA:19,3
DA:22,3
DA:23,3
DA:26,3
DA:27,3
DA:30,3
DA:31,3
DA:33,3
DA:34,1
DA:35,1
DA:38,2
DA:40,2
DA:44,2
DA:45,2
DA:53,0
DA:54,0
DA:57,2
DA:58,1
DA:59,1
DA:62,1
DA:63,0
DA:67,0
DA:70,1
DA:71,1
DA:72,1
DA:76,15
DA:77,15
DA:78,2
DA:85,15
DA:86,15
DA:87,5
DA:90,15
LF:35
LH:31
BRDA:33,0,0,1
BRDA:33,0,1,2
BRDA:57,1,0,1
BRDA:57,1,1,1
BRDA:62,2,0,0
BRDA:62,2,1,1
BRDA:77,3,0,2
BRDA:77,3,1,13
BRDA:86,4,0,5
BRDA:86,4,1,10
BRF:10
BRH:9
end_of_record
TN:
SF:C:\Users\Daniel\WebstormProjects\exam_371\src\server\app.js
FN:22,(anonymous_0)
FN:37,(anonymous_1)
FN:50,(anonymous_2)
FN:54,(anonymous_3)
FN:76,(anonymous_4)
FNF:5
FNH:3
FNDA:0,(anonymous_0)
FNDA:10,(anonymous_1)
FNDA:8,(anonymous_2)
FNDA:5,(anonymous_3)
FNDA:0,(anonymous_4)
DA:1,7
DA:2,7
DA:3,7
DA:4,7
DA:5,7
DA:6,7
DA:8,7
DA:9,7
DA:10,7
DA:11,7
DA:13,7
DA:18,7
DA:22,7
DA:23,0
DA:26,7
DA:32,7
DA:39,10
DA:41,10
DA:42,2
DA:45,8
DA:46,8
DA:50,7
DA:51,8
DA:54,7
DA:56,5
DA:58,5
DA:59,5
DA:61,0
DA:65,7
DA:66,7
DA:69,7
DA:70,7
DA:71,7
DA:74,7
DA:76,7
DA:77,0
DA:80,7
LF:37
LH:34
BRDA:41,0,0,2
BRDA:41,0,1,8
BRDA:58,1,0,5
BRDA:58,1,1,0
BRF:4
BRH:3
end_of_record
TN:
SF:C:\Users\Daniel\WebstormProjects\exam_371\src\server\server.js
FN:9,(anonymous_0)
FNF:1
FNH:0
FNDA:0,(anonymous_0)
DA:3,0
DA:5,0
DA:7,0
DA:9,0
DA:10,0
LF:5
LH:0
BRDA:7,0,0,0
BRDA:7,0,1,0
BRF:2
BRH:0
end_of_record
TN:
SF:C:\Users\Daniel\WebstormProjects\exam_371\src\server\db\pokemonCollection.js
FN:6,initSomePokemon
FN:14,createNewPokemon
FN:30,getPokemon
FN:34,getAllPokemon
FN:38,updatePokemon
FN:46,deletePokemon
FNF:6
FNH:6
FNDA:6,initSomePokemon
FNDA:14,createNewPokemon
FNDA:6,getPokemon
FNDA:6,getAllPokemon
FNDA:1,updatePokemon
FNDA:2,deletePokemon
DA:2,7
DA:7,6
DA:8,6
DA:10,6
DA:11,6
DA:15,14
DA:16,14
DA:18,14
DA:24,14
DA:25,14
DA:31,6
DA:35,6
DA:39,1
DA:40,0
DA:42,1
DA:43,1
DA:47,2
DA:50,7
LF:18
LH:17
BRDA:39,0,0,0
BRDA:39,0,1,1
BRF:2
BRH:1
end_of_record
TN:
SF:C:\Users\Daniel\WebstormProjects\exam_371\src\server\db\pokemonList.js
FN:106,getRandomPokemon
FN:128,(anonymous_1)
FN:134,deletePokemon
FN:138,getPokemon
FN:142,getAllPokemon
FN:146,updatePokemon
FNF:6
FNH:5
FNDA:104,getRandomPokemon
FNDA:201,(anonymous_1)
FNDA:2,deletePokemon
FNDA:20,getPokemon
FNDA:4,getAllPokemon
FNDA:0,updatePokemon
DA:2,8
DA:107,104
DA:108,2
DA:111,102
DA:112,1
DA:115,101
DA:116,101
DA:118,101
DA:119,201
DA:120,201
DA:121,0
DA:124,201
DA:125,201
DA:128,201
DA:135,2
DA:139,20
DA:143,4
DA:147,0
DA:148,0
DA:150,0
DA:151,0
DA:156,8
LF:22
LH:17
BRDA:107,0,0,2
BRDA:107,0,1,102
BRDA:111,1,0,1
BRDA:111,1,1,101
BRDA:120,2,0,0
BRDA:120,2,1,201
BRDA:147,3,0,0
BRDA:147,3,1,0
BRF:8
BRH:5
end_of_record
TN:
SF:C:\Users\Daniel\WebstormProjects\exam_371\src\server\db\users.js
FN:7,getUser
FN:12,verifyUser
FN:23,createUser
FN:40,resetAllUsers
FN:44,reportEndOfMatch
FNF:5
FNH:4
FNDA:33,getUser
FNDA:10,verifyUser
FNDA:8,createUser
FNDA:5,resetAllUsers
FNDA:0,reportEndOfMatch
DA:4,7
DA:9,33
DA:14,10
DA:16,10
DA:17,2
DA:20,8
DA:25,8
DA:26,1
DA:29,7
DA:36,7
DA:37,7
DA:41,5
DA:46,0
DA:47,0
DA:48,0
DA:51,0
DA:52,0
DA:54,0
DA:59,7
LF:19
LH:13
BRDA:16,0,0,2
BRDA:16,0,1,8
BRDA:25,1,0,1
BRDA:25,1,1,7
BRDA:47,2,0,0
BRDA:47,2,1,0
BRDA:51,3,0,0
BRDA:51,3,1,0
BRF:8
BRH:4
end_of_record
TN:
SF:C:\Users\Daniel\WebstormProjects\exam_371\src\server\routes\auth-api.js
FN:8,(anonymous_0)
FN:13,(anonymous_1)
FN:22,(anonymous_2)
FN:23,(anonymous_3)
FN:34,(anonymous_4)
FN:45,(anonymous_5)
FNF:6
FNH:6
FNDA:3,(anonymous_0)
FNDA:6,(anonymous_1)
FNDA:5,(anonymous_2)
FNDA:5,(anonymous_3)
FNDA:2,(anonymous_4)
FNDA:7,(anonymous_5)
DA:1,7
DA:2,7
DA:4,7
DA:6,7
DA:8,7
DA:10,3
DA:13,7
DA:15,6
DA:17,6
DA:18,1
DA:19,1
DA:22,5
DA:23,5
DA:24,5
DA:26,0
DA:28,5
DA:34,7
DA:36,2
DA:37,2
DA:45,7
DA:47,7
DA:48,3
DA:49,3
DA:52,4
DA:61,7
LF:25
LH:24
BRDA:17,0,0,1
BRDA:17,0,1,5
BRDA:24,1,0,0
BRDA:24,1,1,5
BRDA:47,2,0,3
BRDA:47,2,1,4
BRF:6
BRH:5
end_of_record
TN:
SF:C:\Users\Daniel\WebstormProjects\exam_371\src\server\routes\pokemon-collection-api.js
FN:11,(anonymous_0)
FN:16,(anonymous_1)
FN:28,(anonymous_2)
FN:39,(anonymous_3)
FN:50,(anonymous_4)
FNF:5
FNH:5
FNDA:6,(anonymous_0)
FNDA:6,(anonymous_1)
FNDA:2,(anonymous_2)
FNDA:2,(anonymous_3)
FNDA:1,(anonymous_4)
DA:1,7
DA:2,7
DA:3,7
DA:4,7
DA:5,7
DA:6,7
DA:9,7
DA:11,7
DA:13,6
DA:16,7
DA:18,6
DA:20,6
DA:21,1
DA:22,1
DA:24,5
DA:28,7
DA:30,2
DA:31,2
DA:32,2
DA:34,0
DA:36,2
DA:39,7
DA:41,2
DA:43,2
DA:45,2
DA:46,2
DA:47,2
DA:50,7
DA:52,1
DA:53,0
DA:54,0
DA:55,0
DA:58,1
DA:60,1
DA:61,1
DA:63,0
DA:65,1
DA:71,7
LF:38
LH:33
BRDA:20,0,0,1
BRDA:20,0,1,5
BRDA:31,1,0,2
BRDA:31,1,1,0
BRDA:52,2,0,0
BRDA:52,2,1,1
BRDA:60,3,0,1
BRDA:60,3,1,0
BRF:8
BRH:5
end_of_record
TN:
SF:C:\Users\Daniel\WebstormProjects\exam_371\src\server\routes\pokemon-list-api.js
FN:12,(anonymous_0)
FN:19,(anonymous_1)
FN:26,(anonymous_2)
FN:38,(anonymous_3)
FN:49,(anonymous_4)
FN:61,(anonymous_5)
FN:65,(anonymous_6)
FNF:7
FNH:4
FNDA:2,(anonymous_0)
FNDA:0,(anonymous_1)
FNDA:2,(anonymous_2)
FNDA:0,(anonymous_3)
FNDA:20,(anonymous_4)
FNDA:4,(anonymous_5)
FNDA:0,(anonymous_6)
DA:1,7
DA:2,7
DA:3,7
DA:4,7
DA:5,7
DA:6,7
DA:7,7
DA:10,7
DA:12,7
DA:14,2
DA:16,2
DA:19,7
DA:21,0
DA:23,0
DA:26,7
DA:28,2
DA:29,2
DA:30,2
DA:32,0
DA:34,2
DA:38,7
DA:40,0
DA:41,0
DA:42,0
DA:44,0
DA:46,0
DA:49,7
DA:51,20
DA:53,20
DA:54,0
DA:55,0
DA:57,20
DA:61,7
DA:62,4
DA:65,7
DA:66,0
DA:67,0
DA:68,0
DA:69,0
DA:72,0
DA:73,0
DA:74,0
DA:76,0
DA:78,0
DA:82,7
LF:45
LH:26
BRDA:29,0,0,2
BRDA:29,0,1,0
BRDA:41,1,0,0
BRDA:41,1,1,0
BRDA:53,2,0,0
BRDA:53,2,1,20
BRDA:66,3,0,0
BRDA:66,3,1,0
BRDA:73,4,0,0
BRDA:73,4,1,0
BRF:10
BRH:2
end_of_record
